{
	"/home/adam/cardano-mercury/mercury-tokenomics/src/lib/format.ts": {
		"path": "/home/adam/cardano-mercury/mercury-tokenomics/src/lib/format.ts",
		"statementMap": {
			"0": { "start": { "line": 9, "column": 18 }, "end": { "line": 9, "column": null } },
			"1": { "start": { "line": 10, "column": 7 }, "end": { "line": 10, "column": null } },
			"2": { "start": { "line": 11, "column": 13 }, "end": { "line": 11, "column": null } },
			"3": { "start": { "line": 12, "column": 17 }, "end": { "line": 12, "column": null } },
			"4": { "start": { "line": 13, "column": 18 }, "end": { "line": 13, "column": null } },
			"5": { "start": { "line": 14, "column": 17 }, "end": { "line": 14, "column": null } },
			"6": { "start": { "line": 15, "column": 21 }, "end": { "line": 15, "column": null } },
			"7": { "start": { "line": 16, "column": 14 }, "end": { "line": 16, "column": null } },
			"8": { "start": { "line": 17, "column": 1 }, "end": { "line": 17, "column": null } },
			"9": { "start": { "line": 22, "column": 1 }, "end": { "line": 22, "column": null } },
			"10": { "start": { "line": 27, "column": 1 }, "end": { "line": 27, "column": null } },
			"11": { "start": { "line": 27, "column": 38 }, "end": { "line": 27, "column": null } },
			"12": { "start": { "line": 28, "column": 1 }, "end": { "line": 28, "column": null } },
			"13": { "start": { "line": 33, "column": 1 }, "end": { "line": 33, "column": null } },
			"14": { "start": { "line": 38, "column": 1 }, "end": { "line": 38, "column": null } },
			"15": { "start": { "line": 38, "column": 19 }, "end": { "line": 38, "column": null } },
			"16": { "start": { "line": 39, "column": 15 }, "end": { "line": 39, "column": null } },
			"17": { "start": { "line": 40, "column": 7 }, "end": { "line": 40, "column": null } },
			"18": { "start": { "line": 41, "column": 1 }, "end": { "line": 41, "column": null } }
		},
		"fnMap": {
			"0": {
				"name": "formatAmount",
				"decl": { "start": { "line": 8, "column": 16 }, "end": { "line": 8, "column": 29 } },
				"loc": { "start": { "line": 8, "column": 65 }, "end": { "line": 18, "column": null } },
				"line": 8
			},
			"1": {
				"name": "formatAmountWithTicker",
				"decl": { "start": { "line": 21, "column": 16 }, "end": { "line": 21, "column": 39 } },
				"loc": { "start": { "line": 21, "column": 95 }, "end": { "line": 23, "column": null } },
				"line": 21
			},
			"2": {
				"name": "truncateMiddle",
				"decl": { "start": { "line": 26, "column": 16 }, "end": { "line": 26, "column": 31 } },
				"loc": { "start": { "line": 26, "column": 74 }, "end": { "line": 29, "column": null } },
				"line": 26
			},
			"3": {
				"name": "formatDateISO",
				"decl": { "start": { "line": 32, "column": 16 }, "end": { "line": 32, "column": 30 } },
				"loc": { "start": { "line": 32, "column": 50 }, "end": { "line": 34, "column": null } },
				"line": 32
			},
			"4": {
				"name": "percentOf",
				"decl": { "start": { "line": 37, "column": 16 }, "end": { "line": 37, "column": 26 } },
				"loc": { "start": { "line": 37, "column": 71 }, "end": { "line": 42, "column": null } },
				"line": 37
			}
		},
		"branchMap": {
			"0": {
				"loc": { "start": { "line": 8, "column": 43 }, "end": { "line": 8, "column": 65 } },
				"type": "default-arg",
				"locations": [{ "start": { "line": 8, "column": 54 }, "end": { "line": 8, "column": 65 } }],
				"line": 8
			},
			"1": {
				"loc": { "start": { "line": 10, "column": 14 }, "end": { "line": 10, "column": 37 } },
				"type": "cond-expr",
				"locations": [
					{ "start": { "line": 10, "column": 25 }, "end": { "line": 10, "column": 33 } },
					{ "start": { "line": 10, "column": 33 }, "end": { "line": 10, "column": 37 } }
				],
				"line": 10
			},
			"2": {
				"loc": { "start": { "line": 12, "column": 17 }, "end": { "line": 12, "column": null } },
				"type": "binary-expr",
				"locations": [
					{ "start": { "line": 12, "column": 17 }, "end": { "line": 12, "column": 38 } },
					{ "start": { "line": 12, "column": 38 }, "end": { "line": 12, "column": null } }
				],
				"line": 12
			},
			"3": {
				"loc": { "start": { "line": 13, "column": 18 }, "end": { "line": 13, "column": null } },
				"type": "cond-expr",
				"locations": [
					{ "start": { "line": 13, "column": 33 }, "end": { "line": 13, "column": 50 } },
					{ "start": { "line": 13, "column": 50 }, "end": { "line": 13, "column": null } }
				],
				"line": 13
			},
			"4": {
				"loc": { "start": { "line": 16, "column": 14 }, "end": { "line": 16, "column": null } },
				"type": "cond-expr",
				"locations": [
					{ "start": { "line": 16, "column": 28 }, "end": { "line": 16, "column": 58 } },
					{ "start": { "line": 16, "column": 58 }, "end": { "line": 16, "column": null } }
				],
				"line": 16
			},
			"5": {
				"loc": { "start": { "line": 17, "column": 8 }, "end": { "line": 17, "column": null } },
				"type": "cond-expr",
				"locations": [
					{ "start": { "line": 17, "column": 19 }, "end": { "line": 17, "column": 32 } },
					{ "start": { "line": 17, "column": 32 }, "end": { "line": 17, "column": null } }
				],
				"line": 17
			},
			"6": {
				"loc": { "start": { "line": 26, "column": 46 }, "end": { "line": 26, "column": 56 } },
				"type": "default-arg",
				"locations": [
					{ "start": { "line": 26, "column": 53 }, "end": { "line": 26, "column": 56 } }
				],
				"line": 26
			},
			"7": {
				"loc": { "start": { "line": 26, "column": 56 }, "end": { "line": 26, "column": 74 } },
				"type": "default-arg",
				"locations": [
					{ "start": { "line": 26, "column": 63 }, "end": { "line": 26, "column": 74 } }
				],
				"line": 26
			},
			"8": {
				"loc": { "start": { "line": 27, "column": 1 }, "end": { "line": 27, "column": null } },
				"type": "if",
				"locations": [
					{ "start": { "line": 27, "column": 1 }, "end": { "line": 27, "column": null } },
					{ "start": {}, "end": {} }
				],
				"line": 27
			},
			"9": {
				"loc": { "start": { "line": 37, "column": 55 }, "end": { "line": 37, "column": 71 } },
				"type": "default-arg",
				"locations": [
					{ "start": { "line": 37, "column": 60 }, "end": { "line": 37, "column": 71 } }
				],
				"line": 37
			},
			"10": {
				"loc": { "start": { "line": 38, "column": 1 }, "end": { "line": 38, "column": null } },
				"type": "if",
				"locations": [
					{ "start": { "line": 38, "column": 1 }, "end": { "line": 38, "column": null } },
					{ "start": {}, "end": {} }
				],
				"line": 38
			}
		},
		"s": {
			"0": 11,
			"1": 11,
			"2": 11,
			"3": 11,
			"4": 11,
			"5": 11,
			"6": 11,
			"7": 11,
			"8": 11,
			"9": 1,
			"10": 3,
			"11": 1,
			"12": 2,
			"13": 1,
			"14": 5,
			"15": 1,
			"16": 4,
			"17": 4,
			"18": 4
		},
		"f": { "0": 11, "1": 1, "2": 3, "3": 1, "4": 5 },
		"b": {
			"0": [11],
			"1": [2, 9],
			"2": [11, 0],
			"3": [6, 5],
			"4": [5, 6],
			"5": [2, 9],
			"6": [3],
			"7": [3],
			"8": [1, 2],
			"9": [5],
			"10": [1, 4]
		},
		"meta": {
			"lastBranch": 11,
			"lastFunction": 5,
			"lastStatement": 19,
			"seen": {
				"f:8:16:8:29": 0,
				"b:8:54:8:65": 0,
				"s:9:18:9:Infinity": 0,
				"s:10:7:10:Infinity": 1,
				"b:10:25:10:33:10:33:10:37": 1,
				"s:11:13:11:Infinity": 2,
				"s:12:17:12:Infinity": 3,
				"b:12:17:12:38:12:38:12:Infinity": 2,
				"s:13:18:13:Infinity": 4,
				"b:13:33:13:50:13:50:13:Infinity": 3,
				"s:14:17:14:Infinity": 5,
				"s:15:21:15:Infinity": 6,
				"s:16:14:16:Infinity": 7,
				"b:16:28:16:58:16:58:16:Infinity": 4,
				"s:17:1:17:Infinity": 8,
				"b:17:19:17:32:17:32:17:Infinity": 5,
				"f:21:16:21:39": 1,
				"s:22:1:22:Infinity": 9,
				"f:26:16:26:31": 2,
				"b:26:53:26:56": 6,
				"b:26:63:26:74": 7,
				"b:27:1:27:Infinity:undefined:undefined:undefined:undefined": 8,
				"s:27:1:27:Infinity": 10,
				"s:27:38:27:Infinity": 11,
				"s:28:1:28:Infinity": 12,
				"f:32:16:32:30": 3,
				"s:33:1:33:Infinity": 13,
				"f:37:16:37:26": 4,
				"b:37:60:37:71": 9,
				"b:38:1:38:Infinity:undefined:undefined:undefined:undefined": 10,
				"s:38:1:38:Infinity": 14,
				"s:38:19:38:Infinity": 15,
				"s:39:15:39:Infinity": 16,
				"s:40:7:40:Infinity": 17,
				"s:41:1:41:Infinity": 18
			},
			"fnNames": {}
		}
	},
	"/home/adam/cardano-mercury/mercury-tokenomics/src/lib/auth/validation.ts": {
		"path": "/home/adam/cardano-mercury/mercury-tokenomics/src/lib/auth/validation.ts",
		"statementMap": {
			"0": { "start": { "line": 14, "column": 17 }, "end": { "line": 14, "column": null } },
			"1": { "start": { "line": 17, "column": 1 }, "end": { "line": 17, "column": null } },
			"2": { "start": { "line": 21, "column": 14 }, "end": { "line": 21, "column": null } },
			"3": { "start": { "line": 22, "column": 1 }, "end": { "line": 22, "column": null } },
			"4": { "start": { "line": 22, "column": 22 }, "end": { "line": 22, "column": null } },
			"5": { "start": { "line": 23, "column": 1 }, "end": { "line": 23, "column": null } },
			"6": { "start": { "line": 23, "column": 33 }, "end": { "line": 23, "column": null } },
			"7": { "start": { "line": 24, "column": 1 }, "end": { "line": 26, "column": null } },
			"8": { "start": { "line": 25, "column": 2 }, "end": { "line": 25, "column": null } },
			"9": { "start": { "line": 27, "column": 1 }, "end": { "line": 27, "column": null } }
		},
		"fnMap": {
			"0": {
				"name": "isValidEmail",
				"decl": { "start": { "line": 16, "column": 16 }, "end": { "line": 16, "column": 29 } },
				"loc": { "start": { "line": 16, "column": 53 }, "end": { "line": 18, "column": null } },
				"line": 16
			},
			"1": {
				"name": "validateSignup",
				"decl": { "start": { "line": 20, "column": 16 }, "end": { "line": 20, "column": 31 } },
				"loc": { "start": { "line": 20, "column": 69 }, "end": { "line": 28, "column": null } },
				"line": 20
			}
		},
		"branchMap": {
			"0": {
				"loc": { "start": { "line": 22, "column": 1 }, "end": { "line": 22, "column": null } },
				"type": "if",
				"locations": [
					{ "start": { "line": 22, "column": 1 }, "end": { "line": 22, "column": null } },
					{ "start": {}, "end": {} }
				],
				"line": 22
			},
			"1": {
				"loc": { "start": { "line": 23, "column": 1 }, "end": { "line": 23, "column": null } },
				"type": "if",
				"locations": [
					{ "start": { "line": 23, "column": 1 }, "end": { "line": 23, "column": null } },
					{ "start": {}, "end": {} }
				],
				"line": 23
			},
			"2": {
				"loc": { "start": { "line": 24, "column": 1 }, "end": { "line": 26, "column": null } },
				"type": "if",
				"locations": [
					{ "start": { "line": 24, "column": 1 }, "end": { "line": 26, "column": null } },
					{ "start": {}, "end": {} }
				],
				"line": 24
			}
		},
		"s": { "0": 1, "1": 9, "2": 5, "3": 5, "4": 2, "5": 3, "6": 1, "7": 2, "8": 1, "9": 1 },
		"f": { "0": 9, "1": 5 },
		"b": { "0": [2, 3], "1": [1, 2], "2": [1, 1] },
		"meta": {
			"lastBranch": 3,
			"lastFunction": 2,
			"lastStatement": 10,
			"seen": {
				"s:14:17:14:Infinity": 0,
				"f:16:16:16:29": 0,
				"s:17:1:17:Infinity": 1,
				"f:20:16:20:31": 1,
				"s:21:14:21:Infinity": 2,
				"b:22:1:22:Infinity:undefined:undefined:undefined:undefined": 0,
				"s:22:1:22:Infinity": 3,
				"s:22:22:22:Infinity": 4,
				"b:23:1:23:Infinity:undefined:undefined:undefined:undefined": 1,
				"s:23:1:23:Infinity": 5,
				"s:23:33:23:Infinity": 6,
				"b:24:1:26:Infinity:undefined:undefined:undefined:undefined": 2,
				"s:24:1:26:Infinity": 7,
				"s:25:2:25:Infinity": 8,
				"s:27:1:27:Infinity": 9
			},
			"fnNames": {}
		}
	},
	"/home/adam/cardano-mercury/mercury-tokenomics/src/lib/projects/validation.ts": {
		"path": "/home/adam/cardano-mercury/mercury-tokenomics/src/lib/projects/validation.ts",
		"statementMap": {
			"0": { "start": { "line": 9, "column": 29 }, "end": { "line": 9, "column": null } },
			"1": { "start": { "line": 12, "column": 24 }, "end": { "line": 12, "column": null } },
			"2": { "start": { "line": 17, "column": 1 }, "end": { "line": 21, "column": null } },
			"3": { "start": { "line": 26, "column": 17 }, "end": { "line": 26, "column": null } },
			"4": { "start": { "line": 27, "column": 1 }, "end": { "line": 27, "column": null } },
			"5": { "start": { "line": 27, "column": 29 }, "end": { "line": 27, "column": null } },
			"6": { "start": { "line": 28, "column": 1 }, "end": { "line": 28, "column": null } },
			"7": { "start": { "line": 42, "column": 1 }, "end": { "line": 42, "column": null } },
			"8": { "start": { "line": 42, "column": 35 }, "end": { "line": 42, "column": null } },
			"9": { "start": { "line": 43, "column": 1 }, "end": { "line": 45, "column": null } },
			"10": { "start": { "line": 44, "column": 2 }, "end": { "line": 44, "column": null } },
			"11": { "start": { "line": 46, "column": 1 }, "end": { "line": 48, "column": null } },
			"12": { "start": { "line": 47, "column": 2 }, "end": { "line": 47, "column": null } },
			"13": { "start": { "line": 49, "column": 18 }, "end": { "line": 49, "column": null } },
			"14": { "start": { "line": 50, "column": 1 }, "end": { "line": 52, "column": null } },
			"15": { "start": { "line": 51, "column": 2 }, "end": { "line": 51, "column": null } },
			"16": { "start": { "line": 53, "column": 1 }, "end": { "line": 55, "column": null } },
			"17": { "start": { "line": 54, "column": 2 }, "end": { "line": 54, "column": null } },
			"18": { "start": { "line": 56, "column": 1 }, "end": { "line": 58, "column": null } },
			"19": { "start": { "line": 57, "column": 2 }, "end": { "line": 57, "column": null } },
			"20": { "start": { "line": 59, "column": 1 }, "end": { "line": 61, "column": null } },
			"21": { "start": { "line": 60, "column": 2 }, "end": { "line": 60, "column": null } },
			"22": { "start": { "line": 62, "column": 1 }, "end": { "line": 62, "column": null } },
			"23": { "start": { "line": 75, "column": 1 }, "end": { "line": 75, "column": null } },
			"24": { "start": { "line": 75, "column": 35 }, "end": { "line": 75, "column": null } },
			"25": { "start": { "line": 77, "column": 20 }, "end": { "line": 77, "column": null } },
			"26": { "start": { "line": 78, "column": 1 }, "end": { "line": 80, "column": null } },
			"27": { "start": { "line": 79, "column": 2 }, "end": { "line": 79, "column": null } },
			"28": { "start": { "line": 82, "column": 21 }, "end": { "line": 82, "column": null } },
			"29": { "start": { "line": 83, "column": 1 }, "end": { "line": 85, "column": null } },
			"30": { "start": { "line": 84, "column": 2 }, "end": { "line": 84, "column": null } },
			"31": { "start": { "line": 86, "column": 1 }, "end": { "line": 88, "column": null } },
			"32": { "start": { "line": 87, "column": 2 }, "end": { "line": 87, "column": null } },
			"33": { "start": { "line": 90, "column": 15 }, "end": { "line": 90, "column": null } },
			"34": { "start": { "line": 91, "column": 17 }, "end": { "line": 91, "column": null } },
			"35": { "start": { "line": 92, "column": 1 }, "end": { "line": 94, "column": null } },
			"36": { "start": { "line": 93, "column": 2 }, "end": { "line": 93, "column": null } },
			"37": { "start": { "line": 95, "column": 1 }, "end": { "line": 97, "column": null } },
			"38": { "start": { "line": 96, "column": 2 }, "end": { "line": 96, "column": null } },
			"39": { "start": { "line": 98, "column": 1 }, "end": { "line": 100, "column": null } },
			"40": { "start": { "line": 99, "column": 2 }, "end": { "line": 99, "column": null } },
			"41": { "start": { "line": 101, "column": 1 }, "end": { "line": 101, "column": null } }
		},
		"fnMap": {
			"0": {
				"name": "slugify",
				"decl": { "start": { "line": 16, "column": 16 }, "end": { "line": 16, "column": 24 } },
				"loc": { "start": { "line": 16, "column": 46 }, "end": { "line": 22, "column": null } },
				"line": 16
			},
			"1": {
				"name": "parseBaseUnits",
				"decl": { "start": { "line": 25, "column": 16 }, "end": { "line": 25, "column": 31 } },
				"loc": { "start": { "line": 25, "column": 61 }, "end": { "line": 29, "column": null } },
				"line": 25
			},
			"2": {
				"name": "validateProject",
				"decl": { "start": { "line": 41, "column": 16 }, "end": { "line": 41, "column": 32 } },
				"loc": { "start": { "line": 41, "column": 71 }, "end": { "line": 63, "column": null } },
				"line": 41
			},
			"3": {
				"name": "validateBucket",
				"decl": { "start": { "line": 74, "column": 16 }, "end": { "line": 74, "column": 31 } },
				"loc": { "start": { "line": 74, "column": 69 }, "end": { "line": 102, "column": null } },
				"line": 74
			}
		},
		"branchMap": {
			"0": {
				"loc": { "start": { "line": 27, "column": 1 }, "end": { "line": 27, "column": null } },
				"type": "if",
				"locations": [
					{ "start": { "line": 27, "column": 1 }, "end": { "line": 27, "column": null } },
					{ "start": {}, "end": {} }
				],
				"line": 27
			},
			"1": {
				"loc": { "start": { "line": 42, "column": 1 }, "end": { "line": 42, "column": null } },
				"type": "if",
				"locations": [
					{ "start": { "line": 42, "column": 1 }, "end": { "line": 42, "column": null } },
					{ "start": {}, "end": {} }
				],
				"line": 42
			},
			"2": {
				"loc": { "start": { "line": 43, "column": 1 }, "end": { "line": 45, "column": null } },
				"type": "if",
				"locations": [
					{ "start": { "line": 43, "column": 1 }, "end": { "line": 45, "column": null } },
					{ "start": {}, "end": {} }
				],
				"line": 43
			},
			"3": {
				"loc": { "start": { "line": 46, "column": 1 }, "end": { "line": 48, "column": null } },
				"type": "if",
				"locations": [
					{ "start": { "line": 46, "column": 1 }, "end": { "line": 48, "column": null } },
					{ "start": {}, "end": {} }
				],
				"line": 46
			},
			"4": {
				"loc": { "start": { "line": 46, "column": 5 }, "end": { "line": 46, "column": 90 } },
				"type": "binary-expr",
				"locations": [
					{ "start": { "line": 46, "column": 5 }, "end": { "line": 46, "column": 34 } },
					{ "start": { "line": 46, "column": 34 }, "end": { "line": 46, "column": 90 } }
				],
				"line": 46
			},
			"5": {
				"loc": { "start": { "line": 50, "column": 1 }, "end": { "line": 52, "column": null } },
				"type": "if",
				"locations": [
					{ "start": { "line": 50, "column": 1 }, "end": { "line": 52, "column": null } },
					{ "start": {}, "end": {} }
				],
				"line": 50
			},
			"6": {
				"loc": { "start": { "line": 50, "column": 5 }, "end": { "line": 50, "column": 67 } },
				"type": "binary-expr",
				"locations": [
					{ "start": { "line": 50, "column": 5 }, "end": { "line": 50, "column": 36 } },
					{ "start": { "line": 50, "column": 36 }, "end": { "line": 50, "column": 52 } },
					{ "start": { "line": 50, "column": 52 }, "end": { "line": 50, "column": 67 } }
				],
				"line": 50
			},
			"7": {
				"loc": { "start": { "line": 53, "column": 1 }, "end": { "line": 55, "column": null } },
				"type": "if",
				"locations": [
					{ "start": { "line": 53, "column": 1 }, "end": { "line": 55, "column": null } },
					{ "start": {}, "end": {} }
				],
				"line": 53
			},
			"8": {
				"loc": { "start": { "line": 56, "column": 1 }, "end": { "line": 58, "column": null } },
				"type": "if",
				"locations": [
					{ "start": { "line": 56, "column": 1 }, "end": { "line": 58, "column": null } },
					{ "start": {}, "end": {} }
				],
				"line": 56
			},
			"9": {
				"loc": { "start": { "line": 59, "column": 1 }, "end": { "line": 61, "column": null } },
				"type": "if",
				"locations": [
					{ "start": { "line": 59, "column": 1 }, "end": { "line": 61, "column": null } },
					{ "start": {}, "end": {} }
				],
				"line": 59
			},
			"10": {
				"loc": { "start": { "line": 75, "column": 1 }, "end": { "line": 75, "column": null } },
				"type": "if",
				"locations": [
					{ "start": { "line": 75, "column": 1 }, "end": { "line": 75, "column": null } },
					{ "start": {}, "end": {} }
				],
				"line": 75
			},
			"11": {
				"loc": { "start": { "line": 78, "column": 1 }, "end": { "line": 80, "column": null } },
				"type": "if",
				"locations": [
					{ "start": { "line": 78, "column": 1 }, "end": { "line": 80, "column": null } },
					{ "start": {}, "end": {} }
				],
				"line": 78
			},
			"12": {
				"loc": { "start": { "line": 82, "column": 36 }, "end": { "line": 82, "column": 60 } },
				"type": "binary-expr",
				"locations": [
					{ "start": { "line": 82, "column": 36 }, "end": { "line": 82, "column": 57 } },
					{ "start": { "line": 82, "column": 57 }, "end": { "line": 82, "column": 60 } }
				],
				"line": 82
			},
			"13": {
				"loc": { "start": { "line": 83, "column": 1 }, "end": { "line": 85, "column": null } },
				"type": "if",
				"locations": [
					{ "start": { "line": 83, "column": 1 }, "end": { "line": 85, "column": null } },
					{ "start": {}, "end": {} }
				],
				"line": 83
			},
			"14": {
				"loc": { "start": { "line": 86, "column": 1 }, "end": { "line": 88, "column": null } },
				"type": "if",
				"locations": [
					{ "start": { "line": 86, "column": 1 }, "end": { "line": 88, "column": null } },
					{ "start": {}, "end": {} }
				],
				"line": 86
			},
			"15": {
				"loc": { "start": { "line": 92, "column": 1 }, "end": { "line": 94, "column": null } },
				"type": "if",
				"locations": [
					{ "start": { "line": 92, "column": 1 }, "end": { "line": 94, "column": null } },
					{ "start": {}, "end": {} }
				],
				"line": 92
			},
			"16": {
				"loc": { "start": { "line": 92, "column": 5 }, "end": { "line": 92, "column": 44 } },
				"type": "binary-expr",
				"locations": [
					{ "start": { "line": 92, "column": 5 }, "end": { "line": 92, "column": 33 } },
					{ "start": { "line": 92, "column": 33 }, "end": { "line": 92, "column": 44 } }
				],
				"line": 92
			},
			"17": {
				"loc": { "start": { "line": 95, "column": 1 }, "end": { "line": 97, "column": null } },
				"type": "if",
				"locations": [
					{ "start": { "line": 95, "column": 1 }, "end": { "line": 97, "column": null } },
					{ "start": {}, "end": {} }
				],
				"line": 95
			},
			"18": {
				"loc": { "start": { "line": 95, "column": 5 }, "end": { "line": 95, "column": 48 } },
				"type": "binary-expr",
				"locations": [
					{ "start": { "line": 95, "column": 5 }, "end": { "line": 95, "column": 35 } },
					{ "start": { "line": 95, "column": 35 }, "end": { "line": 95, "column": 48 } }
				],
				"line": 95
			},
			"19": {
				"loc": { "start": { "line": 98, "column": 1 }, "end": { "line": 100, "column": null } },
				"type": "if",
				"locations": [
					{ "start": { "line": 98, "column": 1 }, "end": { "line": 100, "column": null } },
					{ "start": {}, "end": {} }
				],
				"line": 98
			}
		},
		"s": {
			"0": 1,
			"1": 1,
			"2": 3,
			"3": 26,
			"4": 26,
			"5": 7,
			"6": 19,
			"7": 12,
			"8": 1,
			"9": 11,
			"10": 2,
			"11": 9,
			"12": 1,
			"13": 8,
			"14": 8,
			"15": 3,
			"16": 5,
			"17": 1,
			"18": 4,
			"19": 1,
			"20": 3,
			"21": 1,
			"22": 2,
			"23": 9,
			"24": 1,
			"25": 8,
			"26": 8,
			"27": 1,
			"28": 7,
			"29": 9,
			"30": 1,
			"31": 6,
			"32": 1,
			"33": 5,
			"34": 5,
			"35": 5,
			"36": 1,
			"37": 4,
			"38": 1,
			"39": 3,
			"40": 1,
			"41": 2
		},
		"f": { "0": 3, "1": 26, "2": 12, "3": 9 },
		"b": {
			"0": [7, 19],
			"1": [1, 11],
			"2": [2, 9],
			"3": [1, 8],
			"4": [9, 2],
			"5": [3, 5],
			"6": [8, 7, 6],
			"7": [1, 4],
			"8": [1, 3],
			"9": [1, 2],
			"10": [1, 8],
			"11": [1, 7],
			"12": [7, 1],
			"13": [1, 8],
			"14": [1, 5],
			"15": [1, 4],
			"16": [5, 5],
			"17": [1, 3],
			"18": [4, 3],
			"19": [1, 2]
		},
		"meta": {
			"lastBranch": 20,
			"lastFunction": 4,
			"lastStatement": 42,
			"seen": {
				"s:9:29:9:Infinity": 0,
				"s:12:24:12:Infinity": 1,
				"f:16:16:16:24": 0,
				"s:17:1:21:Infinity": 2,
				"f:25:16:25:31": 1,
				"s:26:17:26:Infinity": 3,
				"b:27:1:27:Infinity:undefined:undefined:undefined:undefined": 0,
				"s:27:1:27:Infinity": 4,
				"s:27:29:27:Infinity": 5,
				"s:28:1:28:Infinity": 6,
				"f:41:16:41:32": 2,
				"b:42:1:42:Infinity:undefined:undefined:undefined:undefined": 1,
				"s:42:1:42:Infinity": 7,
				"s:42:35:42:Infinity": 8,
				"b:43:1:45:Infinity:undefined:undefined:undefined:undefined": 2,
				"s:43:1:45:Infinity": 9,
				"s:44:2:44:Infinity": 10,
				"b:46:1:48:Infinity:undefined:undefined:undefined:undefined": 3,
				"s:46:1:48:Infinity": 11,
				"b:46:5:46:34:46:34:46:90": 4,
				"s:47:2:47:Infinity": 12,
				"s:49:18:49:Infinity": 13,
				"b:50:1:52:Infinity:undefined:undefined:undefined:undefined": 5,
				"s:50:1:52:Infinity": 14,
				"b:50:5:50:36:50:36:50:52:50:52:50:67": 6,
				"s:51:2:51:Infinity": 15,
				"b:53:1:55:Infinity:undefined:undefined:undefined:undefined": 7,
				"s:53:1:55:Infinity": 16,
				"s:54:2:54:Infinity": 17,
				"b:56:1:58:Infinity:undefined:undefined:undefined:undefined": 8,
				"s:56:1:58:Infinity": 18,
				"s:57:2:57:Infinity": 19,
				"b:59:1:61:Infinity:undefined:undefined:undefined:undefined": 9,
				"s:59:1:61:Infinity": 20,
				"s:60:2:60:Infinity": 21,
				"s:62:1:62:Infinity": 22,
				"f:74:16:74:31": 3,
				"b:75:1:75:Infinity:undefined:undefined:undefined:undefined": 10,
				"s:75:1:75:Infinity": 23,
				"s:75:35:75:Infinity": 24,
				"s:77:20:77:Infinity": 25,
				"b:78:1:80:Infinity:undefined:undefined:undefined:undefined": 11,
				"s:78:1:80:Infinity": 26,
				"s:79:2:79:Infinity": 27,
				"s:82:21:82:Infinity": 28,
				"b:82:36:82:57:82:57:82:60": 12,
				"b:83:1:85:Infinity:undefined:undefined:undefined:undefined": 13,
				"s:83:1:85:Infinity": 29,
				"s:84:2:84:Infinity": 30,
				"b:86:1:88:Infinity:undefined:undefined:undefined:undefined": 14,
				"s:86:1:88:Infinity": 31,
				"s:87:2:87:Infinity": 32,
				"s:90:15:90:Infinity": 33,
				"s:91:17:91:Infinity": 34,
				"b:92:1:94:Infinity:undefined:undefined:undefined:undefined": 15,
				"s:92:1:94:Infinity": 35,
				"b:92:5:92:33:92:33:92:44": 16,
				"s:93:2:93:Infinity": 36,
				"b:95:1:97:Infinity:undefined:undefined:undefined:undefined": 17,
				"s:95:1:97:Infinity": 37,
				"b:95:5:95:35:95:35:95:48": 18,
				"s:96:2:96:Infinity": 38,
				"b:98:1:100:Infinity:undefined:undefined:undefined:undefined": 19,
				"s:98:1:100:Infinity": 39,
				"s:99:2:99:Infinity": 40,
				"s:101:1:101:Infinity": 41
			},
			"fnNames": {}
		}
	},
	"/home/adam/cardano-mercury/mercury-tokenomics/src/lib/server/declaration.ts": {
		"path": "/home/adam/cardano-mercury/mercury-tokenomics/src/lib/server/declaration.ts",
		"statementMap": {
			"0": { "start": { "line": 34, "column": 1 }, "end": { "line": 55, "column": null } },
			"1": { "start": { "line": 46, "column": 31 }, "end": { "line": 53, "column": 4 } }
		},
		"fnMap": {
			"0": {
				"name": "buildDeclarationPayload",
				"decl": { "start": { "line": 28, "column": 16 }, "end": { "line": 28, "column": null } },
				"loc": { "start": { "line": 33, "column": 22 }, "end": { "line": 56, "column": null } },
				"line": 33
			},
			"1": {
				"name": "(anonymous_1)",
				"decl": { "start": { "line": 46, "column": 19 }, "end": { "line": 46, "column": 24 } },
				"loc": { "start": { "line": 46, "column": 31 }, "end": { "line": 53, "column": 4 } },
				"line": 46
			}
		},
		"branchMap": {},
		"s": { "0": 4, "1": 4 },
		"f": { "0": 4, "1": 4 },
		"b": {},
		"meta": {
			"lastBranch": 0,
			"lastFunction": 2,
			"lastStatement": 2,
			"seen": {
				"f:28:16:28:Infinity": 0,
				"s:34:1:55:Infinity": 0,
				"f:46:19:46:24": 1,
				"s:46:31:53:4": 1
			},
			"fnNames": {}
		}
	},
	"/home/adam/cardano-mercury/mercury-tokenomics/src/lib/server/email.ts": {
		"path": "/home/adam/cardano-mercury/mercury-tokenomics/src/lib/server/email.ts",
		"statementMap": {
			"0": { "start": { "line": 17, "column": 28 }, "end": { "line": 17, "column": null } },
			"1": { "start": { "line": 20, "column": 34 }, "end": { "line": 20, "column": null } },
			"2": { "start": { "line": 22, "column": 21 }, "end": { "line": 22, "column": null } },
			"3": { "start": { "line": 29, "column": 1 }, "end": { "line": 29, "column": null } },
			"4": { "start": { "line": 30, "column": 1 }, "end": { "line": 30, "column": null } },
			"5": { "start": { "line": 34, "column": 1 }, "end": { "line": 46, "column": null } },
			"6": { "start": { "line": 35, "column": 2 }, "end": { "line": 44, "column": null } },
			"7": { "start": { "line": 45, "column": 2 }, "end": { "line": 45, "column": null } },
			"8": { "start": { "line": 48, "column": 1 }, "end": { "line": 50, "column": null } },
			"9": { "start": { "line": 49, "column": 2 }, "end": { "line": 49, "column": null } },
			"10": { "start": { "line": 52, "column": 1 }, "end": { "line": 52, "column": null } }
		},
		"fnMap": {
			"0": {
				"name": "getTransport",
				"decl": { "start": { "line": 28, "column": 9 }, "end": { "line": 28, "column": 37 } },
				"loc": { "start": { "line": 28, "column": 37 }, "end": { "line": 31, "column": null } },
				"line": 28
			},
			"1": {
				"name": "sendMagicLinkEmail",
				"decl": { "start": { "line": 33, "column": 22 }, "end": { "line": 33, "column": 41 } },
				"loc": { "start": { "line": 33, "column": 84 }, "end": { "line": 53, "column": null } },
				"line": 33
			}
		},
		"branchMap": {
			"0": {
				"loc": { "start": { "line": 20, "column": 34 }, "end": { "line": 20, "column": null } },
				"type": "binary-expr",
				"locations": [
					{ "start": { "line": 20, "column": 34 }, "end": { "line": 20, "column": 57 } },
					{ "start": { "line": 20, "column": 57 }, "end": { "line": 20, "column": null } }
				],
				"line": 20
			},
			"1": {
				"loc": { "start": { "line": 34, "column": 1 }, "end": { "line": 46, "column": null } },
				"type": "if",
				"locations": [
					{ "start": { "line": 34, "column": 1 }, "end": { "line": 46, "column": null } },
					{ "start": {}, "end": {} }
				],
				"line": 34
			},
			"2": {
				"loc": { "start": { "line": 36, "column": 9 }, "end": { "line": 36, "column": null } },
				"type": "binary-expr",
				"locations": [
					{ "start": { "line": 36, "column": 9 }, "end": { "line": 36, "column": 26 } },
					{ "start": { "line": 36, "column": 26 }, "end": { "line": 36, "column": null } }
				],
				"line": 36
			},
			"3": {
				"loc": { "start": { "line": 48, "column": 1 }, "end": { "line": 50, "column": null } },
				"type": "if",
				"locations": [
					{ "start": { "line": 48, "column": 1 }, "end": { "line": 50, "column": null } },
					{ "start": {}, "end": {} }
				],
				"line": 48
			}
		},
		"s": {
			"0": 11,
			"1": 11,
			"2": 11,
			"3": 4,
			"4": 4,
			"5": 7,
			"6": 4,
			"7": 4,
			"8": 3,
			"9": 2,
			"10": 1
		},
		"f": { "0": 4, "1": 7 },
		"b": { "0": [11, 6], "1": [4, 3], "2": [4, 3], "3": [2, 1] },
		"meta": {
			"lastBranch": 4,
			"lastFunction": 2,
			"lastStatement": 11,
			"seen": {
				"s:17:28:17:Infinity": 0,
				"s:20:34:20:Infinity": 1,
				"b:20:34:20:57:20:57:20:Infinity": 0,
				"s:22:21:22:Infinity": 2,
				"f:28:9:28:37": 0,
				"s:29:1:29:Infinity": 3,
				"s:30:1:30:Infinity": 4,
				"f:33:22:33:41": 1,
				"b:34:1:46:Infinity:undefined:undefined:undefined:undefined": 1,
				"s:34:1:46:Infinity": 5,
				"s:35:2:44:Infinity": 6,
				"b:36:9:36:26:36:26:36:Infinity": 2,
				"s:45:2:45:Infinity": 7,
				"b:48:1:50:Infinity:undefined:undefined:undefined:undefined": 3,
				"s:48:1:50:Infinity": 8,
				"s:49:2:49:Infinity": 9,
				"s:52:1:52:Infinity": 10
			},
			"fnNames": {}
		}
	},
	"/home/adam/cardano-mercury/mercury-tokenomics/src/lib/server/koios.ts": {
		"path": "/home/adam/cardano-mercury/mercury-tokenomics/src/lib/server/koios.ts",
		"statementMap": {
			"0": { "start": { "line": 13, "column": 42 }, "end": { "line": 17, "column": null } },
			"1": { "start": { "line": 68, "column": 1 }, "end": { "line": 68, "column": null } },
			"2": { "start": { "line": 68, "column": 21 }, "end": { "line": 68, "column": null } },
			"3": { "start": { "line": 69, "column": 13 }, "end": { "line": 69, "column": null } },
			"4": { "start": { "line": 70, "column": 1 }, "end": { "line": 74, "column": null } },
			"5": { "start": { "line": 71, "column": 2 }, "end": { "line": 73, "column": null } },
			"6": { "start": { "line": 72, "column": 3 }, "end": { "line": 72, "column": null } },
			"7": { "start": { "line": 75, "column": 1 }, "end": { "line": 75, "column": null } },
			"8": { "start": { "line": 80, "column": 7 }, "end": { "line": 83, "column": null } },
			"9": { "start": { "line": 80, "column": 14 }, "end": { "line": 83, "column": null } },
			"10": { "start": { "line": 82, "column": 17 }, "end": { "line": 82, "column": 91 } },
			"11": { "start": { "line": 83, "column": 19 }, "end": { "line": 83, "column": 47 } },
			"12": { "start": { "line": 85, "column": 1 }, "end": { "line": 90, "column": null } },
			"13": { "start": { "line": 101, "column": 26 }, "end": { "line": 101, "column": null } },
			"14": { "start": { "line": 101, "column": 51 }, "end": { "line": 101, "column": 77 } },
			"15": { "start": { "line": 102, "column": 27 }, "end": { "line": 102, "column": null } },
			"16": { "start": { "line": 102, "column": 53 }, "end": { "line": 102, "column": 79 } },
			"17": { "start": { "line": 103, "column": 15 }, "end": { "line": 103, "column": null } },
			"18": { "start": { "line": 103, "column": 50 }, "end": { "line": 103, "column": 65 } },
			"19": { "start": { "line": 104, "column": 16 }, "end": { "line": 104, "column": null } },
			"20": { "start": { "line": 104, "column": 52 }, "end": { "line": 104, "column": 67 } },
			"21": { "start": { "line": 105, "column": 15 }, "end": { "line": 105, "column": null } },
			"22": { "start": { "line": 107, "column": 1 }, "end": { "line": 107, "column": null } },
			"23": { "start": { "line": 107, "column": 19 }, "end": { "line": 107, "column": null } },
			"24": { "start": { "line": 109, "column": 1 }, "end": { "line": 120, "column": null } },
			"25": { "start": { "line": 110, "column": 17 }, "end": { "line": 110, "column": null } },
			"26": { "start": { "line": 111, "column": 23 }, "end": { "line": 111, "column": null } },
			"27": { "start": { "line": 111, "column": 57 }, "end": { "line": 111, "column": 84 } },
			"28": { "start": { "line": 112, "column": 2 }, "end": { "line": 119, "column": null } },
			"29": { "start": { "line": 122, "column": 14 }, "end": { "line": 122, "column": null } },
			"30": { "start": { "line": 123, "column": 22 }, "end": { "line": 123, "column": null } },
			"31": { "start": { "line": 123, "column": 55 }, "end": { "line": 123, "column": 82 } },
			"32": { "start": { "line": 124, "column": 1 }, "end": { "line": 131, "column": null } },
			"33": { "start": { "line": 135, "column": 33 }, "end": { "line": 135, "column": null } },
			"34": { "start": { "line": 136, "column": 1 }, "end": { "line": 138, "column": null } },
			"35": { "start": { "line": 137, "column": 2 }, "end": { "line": 137, "column": null } },
			"36": { "start": { "line": 137, "column": 40 }, "end": { "line": 137, "column": null } },
			"37": { "start": { "line": 139, "column": 1 }, "end": { "line": 139, "column": null } },
			"38": { "start": { "line": 144, "column": 31 }, "end": { "line": 144, "column": null } },
			"39": { "start": { "line": 145, "column": 1 }, "end": { "line": 148, "column": null } },
			"40": { "start": { "line": 146, "column": 12 }, "end": { "line": 146, "column": null } },
			"41": { "start": { "line": 147, "column": 2 }, "end": { "line": 147, "column": null } },
			"42": { "start": { "line": 147, "column": 9 }, "end": { "line": 147, "column": null } },
			"43": { "start": { "line": 149, "column": 1 }, "end": { "line": 149, "column": null } },
			"44": { "start": { "line": 157, "column": 1 }, "end": { "line": 159, "column": null } },
			"45": { "start": { "line": 158, "column": 17 }, "end": { "line": 158, "column": 38 } },
			"46": { "start": { "line": 159, "column": 15 }, "end": { "line": 159, "column": 90 } },
			"47": { "start": { "line": 163, "column": 13 }, "end": { "line": 167, "column": null } },
			"48": { "start": { "line": 168, "column": 1 }, "end": { "line": 168, "column": null } },
			"49": { "start": { "line": 168, "column": 14 }, "end": { "line": 168, "column": null } },
			"50": { "start": { "line": 169, "column": 1 }, "end": { "line": 169, "column": null } },
			"51": { "start": { "line": 189, "column": 16 }, "end": { "line": 189, "column": null } },
			"52": { "start": { "line": 191, "column": 1 }, "end": { "line": 196, "column": null } },
			"53": { "start": { "line": 192, "column": 15 }, "end": { "line": 194, "column": null } },
			"54": { "start": { "line": 195, "column": 2 }, "end": { "line": 195, "column": null } },
			"55": { "start": { "line": 195, "column": 26 }, "end": { "line": 195, "column": null } },
			"56": { "start": { "line": 198, "column": 1 }, "end": { "line": 203, "column": null } },
			"57": { "start": { "line": 199, "column": 15 }, "end": { "line": 201, "column": null } },
			"58": { "start": { "line": 202, "column": 2 }, "end": { "line": 202, "column": null } },
			"59": { "start": { "line": 202, "column": 26 }, "end": { "line": 202, "column": null } },
			"60": { "start": { "line": 205, "column": 1 }, "end": { "line": 205, "column": null } },
			"61": { "start": { "line": 210, "column": 28 }, "end": { "line": 210, "column": null } },
			"62": { "start": { "line": 211, "column": 1 }, "end": { "line": 219, "column": null } },
			"63": { "start": { "line": 211, "column": 14 }, "end": { "line": 211, "column": 17 } },
			"64": { "start": { "line": 212, "column": 16 }, "end": { "line": 212, "column": null } },
			"65": { "start": { "line": 213, "column": 15 }, "end": { "line": 217, "column": null } },
			"66": { "start": { "line": 218, "column": 2 }, "end": { "line": 218, "column": null } },
			"67": { "start": { "line": 220, "column": 1 }, "end": { "line": 220, "column": null } },
			"68": { "start": { "line": 238, "column": 19 }, "end": { "line": 238, "column": null } },
			"69": { "start": { "line": 239, "column": 1 }, "end": { "line": 239, "column": null } },
			"70": { "start": { "line": 239, "column": 29 }, "end": { "line": 239, "column": null } },
			"71": { "start": { "line": 241, "column": 16 }, "end": { "line": 241, "column": null } },
			"72": { "start": { "line": 242, "column": 16 }, "end": { "line": 242, "column": null } },
			"73": { "start": { "line": 243, "column": 20 }, "end": { "line": 243, "column": null } },
			"74": { "start": { "line": 243, "column": 39 }, "end": { "line": 243, "column": 65 } },
			"75": { "start": { "line": 244, "column": 1 }, "end": { "line": 247, "column": null } }
		},
		"fnMap": {
			"0": {
				"name": "assetAmount",
				"decl": { "start": { "line": 67, "column": 9 }, "end": { "line": 67, "column": 21 } },
				"loc": { "start": { "line": 67, "column": 59 }, "end": { "line": 76, "column": null } },
				"line": 67
			},
			"1": {
				"name": "normalizeTx",
				"decl": { "start": { "line": 79, "column": 16 }, "end": { "line": 79, "column": 28 } },
				"loc": { "start": { "line": 79, "column": 72 }, "end": { "line": 91, "column": null } },
				"line": 79
			},
			"2": {
				"name": "(anonymous_2)",
				"decl": { "start": { "line": 80, "column": 7 }, "end": { "line": 80, "column": 14 } },
				"loc": { "start": { "line": 80, "column": 14 }, "end": { "line": 83, "column": null } },
				"line": 80
			},
			"3": {
				"name": "(anonymous_3)",
				"decl": { "start": { "line": 82, "column": 4 }, "end": { "line": 82, "column": 9 } },
				"loc": { "start": { "line": 82, "column": 17 }, "end": { "line": 82, "column": 91 } },
				"line": 82
			},
			"4": {
				"name": "(anonymous_4)",
				"decl": { "start": { "line": 83, "column": 4 }, "end": { "line": 83, "column": 12 } },
				"loc": { "start": { "line": 83, "column": 19 }, "end": { "line": 83, "column": 47 } },
				"line": 83
			},
			"5": {
				"name": "netMovementForTx",
				"decl": { "start": { "line": 100, "column": 16 }, "end": { "line": 100, "column": 33 } },
				"loc": { "start": { "line": 100, "column": 98 }, "end": { "line": 132, "column": null } },
				"line": 100
			},
			"6": {
				"name": "(anonymous_6)",
				"decl": { "start": { "line": 101, "column": 36 }, "end": { "line": 101, "column": 44 } },
				"loc": { "start": { "line": 101, "column": 51 }, "end": { "line": 101, "column": 77 } },
				"line": 101
			},
			"7": {
				"name": "(anonymous_7)",
				"decl": { "start": { "line": 102, "column": 38 }, "end": { "line": 102, "column": 46 } },
				"loc": { "start": { "line": 102, "column": 53 }, "end": { "line": 102, "column": 79 } },
				"line": 102
			},
			"8": {
				"name": "(anonymous_8)",
				"decl": { "start": { "line": 103, "column": 32 }, "end": { "line": 103, "column": 40 } },
				"loc": { "start": { "line": 103, "column": 50 }, "end": { "line": 103, "column": 65 } },
				"line": 103
			},
			"9": {
				"name": "(anonymous_9)",
				"decl": { "start": { "line": 104, "column": 34 }, "end": { "line": 104, "column": 42 } },
				"loc": { "start": { "line": 104, "column": 52 }, "end": { "line": 104, "column": 67 } },
				"line": 104
			},
			"10": {
				"name": "(anonymous_10)",
				"decl": { "start": { "line": 111, "column": 42 }, "end": { "line": 111, "column": 50 } },
				"loc": { "start": { "line": 111, "column": 57 }, "end": { "line": 111, "column": 84 } },
				"line": 111
			},
			"11": {
				"name": "(anonymous_11)",
				"decl": { "start": { "line": 123, "column": 40 }, "end": { "line": 123, "column": 48 } },
				"loc": { "start": { "line": 123, "column": 55 }, "end": { "line": 123, "column": 82 } },
				"line": 123
			},
			"12": {
				"name": "largest",
				"decl": { "start": { "line": 134, "column": 9 }, "end": { "line": 134, "column": 17 } },
				"loc": { "start": { "line": 134, "column": 59 }, "end": { "line": 140, "column": null } },
				"line": 134
			},
			"13": {
				"name": "netMovements",
				"decl": { "start": { "line": 143, "column": 16 }, "end": { "line": 143, "column": 29 } },
				"loc": { "start": { "line": 143, "column": 92 }, "end": { "line": 150, "column": null } },
				"line": 143
			},
			"14": {
				"name": "toEngineMovements",
				"decl": { "start": { "line": 153, "column": 16 }, "end": { "line": 153, "column": null } },
				"loc": { "start": { "line": 156, "column": 14 }, "end": { "line": 160, "column": null } },
				"line": 156
			},
			"15": {
				"name": "(anonymous_15)",
				"decl": { "start": { "line": 158, "column": 3 }, "end": { "line": 158, "column": 11 } },
				"loc": { "start": { "line": 158, "column": 17 }, "end": { "line": 158, "column": 38 } },
				"line": 158
			},
			"16": {
				"name": "(anonymous_16)",
				"decl": { "start": { "line": 159, "column": 3 }, "end": { "line": 159, "column": 8 } },
				"loc": { "start": { "line": 159, "column": 15 }, "end": { "line": 159, "column": 90 } },
				"line": 159
			},
			"17": {
				"name": "koiosPost",
				"decl": { "start": { "line": 162, "column": 15 }, "end": { "line": 162, "column": 28 } },
				"loc": { "start": { "line": 162, "column": 87 }, "end": { "line": 170, "column": null } },
				"line": 162
			},
			"18": {
				"name": "fetchTxHashes",
				"decl": { "start": { "line": 184, "column": 15 }, "end": { "line": 184, "column": null } },
				"loc": { "start": { "line": 188, "column": 21 }, "end": { "line": 206, "column": null } },
				"line": 188
			},
			"19": {
				"name": "fetchTxInfo",
				"decl": { "start": { "line": 209, "column": 15 }, "end": { "line": 209, "column": 27 } },
				"loc": { "start": { "line": 209, "column": 85 }, "end": { "line": 221, "column": null } },
				"line": 209
			},
			"20": {
				"name": "syncProjectMovements",
				"decl": { "start": { "line": 233, "column": 22 }, "end": { "line": 233, "column": 43 } },
				"loc": { "start": { "line": 237, "column": 24 }, "end": { "line": 248, "column": null } },
				"line": 237
			},
			"21": {
				"name": "(anonymous_21)",
				"decl": { "start": { "line": 243, "column": 27 }, "end": { "line": 243, "column": 32 } },
				"loc": { "start": { "line": 243, "column": 39 }, "end": { "line": 243, "column": 65 } },
				"line": 243
			}
		},
		"branchMap": {
			"0": {
				"loc": { "start": { "line": 68, "column": 1 }, "end": { "line": 68, "column": null } },
				"type": "if",
				"locations": [
					{ "start": { "line": 68, "column": 1 }, "end": { "line": 68, "column": null } },
					{ "start": {}, "end": {} }
				],
				"line": 68
			},
			"1": {
				"loc": { "start": { "line": 71, "column": 2 }, "end": { "line": 73, "column": null } },
				"type": "if",
				"locations": [
					{ "start": { "line": 71, "column": 2 }, "end": { "line": 73, "column": null } },
					{ "start": {}, "end": {} }
				],
				"line": 71
			},
			"2": {
				"loc": { "start": { "line": 71, "column": 6 }, "end": { "line": 71, "column": 83 } },
				"type": "binary-expr",
				"locations": [
					{ "start": { "line": 71, "column": 6 }, "end": { "line": 71, "column": 40 } },
					{ "start": { "line": 71, "column": 27 }, "end": { "line": 71, "column": 83 } }
				],
				"line": 71
			},
			"3": {
				"loc": { "start": { "line": 71, "column": 40 }, "end": { "line": 71, "column": 64 } },
				"type": "binary-expr",
				"locations": [
					{ "start": { "line": 71, "column": 40 }, "end": { "line": 71, "column": 56 } },
					{ "start": { "line": 71, "column": 56 }, "end": { "line": 71, "column": 64 } }
				],
				"line": 71
			},
			"4": {
				"loc": { "start": { "line": 81, "column": 3 }, "end": { "line": 81, "column": 13 } },
				"type": "binary-expr",
				"locations": [
					{ "start": { "line": 81, "column": 3 }, "end": { "line": 81, "column": 11 } },
					{ "start": { "line": 81, "column": 11 }, "end": { "line": 81, "column": 13 } }
				],
				"line": 81
			},
			"5": {
				"loc": { "start": { "line": 82, "column": 28 }, "end": { "line": 82, "column": 59 } },
				"type": "binary-expr",
				"locations": [
					{ "start": { "line": 82, "column": 28 }, "end": { "line": 82, "column": 55 } },
					{ "start": { "line": 82, "column": 55 }, "end": { "line": 82, "column": 59 } }
				],
				"line": 82
			},
			"6": {
				"loc": { "start": { "line": 83, "column": 19 }, "end": { "line": 83, "column": 47 } },
				"type": "binary-expr",
				"locations": [
					{ "start": { "line": 83, "column": 19 }, "end": { "line": 83, "column": 37 } },
					{ "start": { "line": 83, "column": 37 }, "end": { "line": 83, "column": 47 } }
				],
				"line": 83
			},
			"7": {
				"loc": { "start": { "line": 107, "column": 1 }, "end": { "line": 107, "column": null } },
				"type": "if",
				"locations": [
					{ "start": { "line": 107, "column": 1 }, "end": { "line": 107, "column": null } },
					{ "start": {}, "end": {} }
				],
				"line": 107
			},
			"8": {
				"loc": { "start": { "line": 109, "column": 1 }, "end": { "line": 120, "column": null } },
				"type": "if",
				"locations": [
					{ "start": { "line": 109, "column": 1 }, "end": { "line": 120, "column": null } },
					{ "start": {}, "end": {} }
				],
				"line": 109
			},
			"9": {
				"loc": { "start": { "line": 117, "column": 13 }, "end": { "line": 117, "column": null } },
				"type": "cond-expr",
				"locations": [
					{ "start": { "line": 117, "column": 22 }, "end": { "line": 117, "column": 60 } },
					{ "start": { "line": 117, "column": 60 }, "end": { "line": 117, "column": null } }
				],
				"line": 117
			},
			"10": {
				"loc": { "start": { "line": 118, "column": 17 }, "end": { "line": 118, "column": null } },
				"type": "binary-expr",
				"locations": [
					{ "start": { "line": 118, "column": 17 }, "end": { "line": 118, "column": 42 } },
					{ "start": { "line": 118, "column": 42 }, "end": { "line": 118, "column": null } }
				],
				"line": 118
			},
			"11": {
				"loc": { "start": { "line": 129, "column": 12 }, "end": { "line": 129, "column": null } },
				"type": "cond-expr",
				"locations": [
					{ "start": { "line": 129, "column": 19 }, "end": { "line": 129, "column": 55 } },
					{ "start": { "line": 129, "column": 55 }, "end": { "line": 129, "column": null } }
				],
				"line": 129
			},
			"12": {
				"loc": { "start": { "line": 130, "column": 16 }, "end": { "line": 130, "column": null } },
				"type": "binary-expr",
				"locations": [
					{ "start": { "line": 130, "column": 16 }, "end": { "line": 130, "column": 41 } },
					{ "start": { "line": 130, "column": 41 }, "end": { "line": 130, "column": null } }
				],
				"line": 130
			},
			"13": {
				"loc": { "start": { "line": 137, "column": 2 }, "end": { "line": 137, "column": null } },
				"type": "if",
				"locations": [
					{ "start": { "line": 137, "column": 2 }, "end": { "line": 137, "column": null } },
					{ "start": {}, "end": {} }
				],
				"line": 137
			},
			"14": {
				"loc": { "start": { "line": 137, "column": 6 }, "end": { "line": 137, "column": 40 } },
				"type": "binary-expr",
				"locations": [
					{ "start": { "line": 137, "column": 6 }, "end": { "line": 137, "column": 15 } },
					{ "start": { "line": 137, "column": 15 }, "end": { "line": 137, "column": 40 } }
				],
				"line": 137
			},
			"15": {
				"loc": { "start": { "line": 147, "column": 2 }, "end": { "line": 147, "column": null } },
				"type": "if",
				"locations": [
					{ "start": { "line": 147, "column": 2 }, "end": { "line": 147, "column": null } },
					{ "start": {}, "end": {} }
				],
				"line": 147
			},
			"16": {
				"loc": { "start": { "line": 159, "column": 27 }, "end": { "line": 159, "column": 61 } },
				"type": "binary-expr",
				"locations": [
					{ "start": { "line": 159, "column": 27 }, "end": { "line": 159, "column": 41 } },
					{ "start": { "line": 159, "column": 41 }, "end": { "line": 159, "column": 61 } }
				],
				"line": 159
			},
			"17": {
				"loc": { "start": { "line": 168, "column": 1 }, "end": { "line": 168, "column": null } },
				"type": "if",
				"locations": [
					{ "start": { "line": 168, "column": 1 }, "end": { "line": 168, "column": null } },
					{ "start": {}, "end": {} }
				],
				"line": 168
			},
			"18": {
				"loc": { "start": { "line": 198, "column": 1 }, "end": { "line": 203, "column": null } },
				"type": "if",
				"locations": [
					{ "start": { "line": 198, "column": 1 }, "end": { "line": 203, "column": null } },
					{ "start": {}, "end": {} }
				],
				"line": 198
			},
			"19": {
				"loc": { "start": { "line": 239, "column": 1 }, "end": { "line": 239, "column": null } },
				"type": "if",
				"locations": [
					{ "start": { "line": 239, "column": 1 }, "end": { "line": 239, "column": null } },
					{ "start": {}, "end": {} }
				],
				"line": 239
			}
		},
		"s": {
			"0": 1,
			"1": 4,
			"2": 0,
			"3": 4,
			"4": 4,
			"5": 5,
			"6": 4,
			"7": 4,
			"8": 2,
			"9": 4,
			"10": 4,
			"11": 4,
			"12": 2,
			"13": 10,
			"14": 11,
			"15": 10,
			"16": 11,
			"17": 10,
			"18": 9,
			"19": 10,
			"20": 5,
			"21": 10,
			"22": 10,
			"23": 2,
			"24": 8,
			"25": 6,
			"26": 6,
			"27": 7,
			"28": 6,
			"29": 2,
			"30": 2,
			"31": 2,
			"32": 2,
			"33": 16,
			"34": 16,
			"35": 17,
			"36": 17,
			"37": 16,
			"38": 2,
			"39": 2,
			"40": 4,
			"41": 4,
			"42": 3,
			"43": 2,
			"44": 2,
			"45": 3,
			"46": 2,
			"47": 0,
			"48": 0,
			"49": 0,
			"50": 0,
			"51": 0,
			"52": 0,
			"53": 0,
			"54": 0,
			"55": 0,
			"56": 0,
			"57": 0,
			"58": 0,
			"59": 0,
			"60": 0,
			"61": 0,
			"62": 0,
			"63": 0,
			"64": 0,
			"65": 0,
			"66": 0,
			"67": 0,
			"68": 0,
			"69": 0,
			"70": 0,
			"71": 0,
			"72": 0,
			"73": 0,
			"74": 0,
			"75": 0
		},
		"f": {
			"0": 4,
			"1": 2,
			"2": 4,
			"3": 4,
			"4": 4,
			"5": 10,
			"6": 11,
			"7": 11,
			"8": 9,
			"9": 5,
			"10": 7,
			"11": 2,
			"12": 16,
			"13": 2,
			"14": 2,
			"15": 3,
			"16": 2,
			"17": 0,
			"18": 0,
			"19": 0,
			"20": 0,
			"21": 0
		},
		"b": {
			"0": [0, 4],
			"1": [4, 1],
			"2": [5, 4],
			"3": [4, 2],
			"4": [4, 0],
			"5": [4, 0],
			"6": [4, 3],
			"7": [2, 8],
			"8": [6, 2],
			"9": [6, 0],
			"10": [6, 0],
			"11": [2, 0],
			"12": [10, 0],
			"13": [17, 0],
			"14": [17, 1],
			"15": [3, 1],
			"16": [2, 1],
			"17": [0, 0],
			"18": [0, 0],
			"19": [0, 0]
		},
		"meta": {
			"lastBranch": 20,
			"lastFunction": 22,
			"lastStatement": 76,
			"seen": {
				"s:13:42:17:Infinity": 0,
				"f:67:9:67:21": 0,
				"b:68:1:68:Infinity:undefined:undefined:undefined:undefined": 0,
				"s:68:1:68:Infinity": 1,
				"s:68:21:68:Infinity": 2,
				"s:69:13:69:Infinity": 3,
				"s:70:1:74:Infinity": 4,
				"b:71:2:73:Infinity:undefined:undefined:undefined:undefined": 1,
				"s:71:2:73:Infinity": 5,
				"b:71:6:71:40:71:27:71:83": 2,
				"b:71:40:71:56:71:56:71:64": 3,
				"s:72:3:72:Infinity": 6,
				"s:75:1:75:Infinity": 7,
				"f:79:16:79:28": 1,
				"s:80:7:83:Infinity": 8,
				"f:80:7:80:14": 2,
				"s:80:14:83:Infinity": 9,
				"b:81:3:81:11:81:11:81:13": 4,
				"f:82:4:82:9": 3,
				"s:82:17:82:91": 10,
				"b:82:28:82:55:82:55:82:59": 5,
				"f:83:4:83:12": 4,
				"s:83:19:83:47": 11,
				"b:83:19:83:37:83:37:83:47": 6,
				"s:85:1:90:Infinity": 12,
				"f:100:16:100:33": 5,
				"s:101:26:101:Infinity": 13,
				"f:101:36:101:44": 6,
				"s:101:51:101:77": 14,
				"s:102:27:102:Infinity": 15,
				"f:102:38:102:46": 7,
				"s:102:53:102:79": 16,
				"s:103:15:103:Infinity": 17,
				"f:103:32:103:40": 8,
				"s:103:50:103:65": 18,
				"s:104:16:104:Infinity": 19,
				"f:104:34:104:42": 9,
				"s:104:52:104:67": 20,
				"s:105:15:105:Infinity": 21,
				"b:107:1:107:Infinity:undefined:undefined:undefined:undefined": 7,
				"s:107:1:107:Infinity": 22,
				"s:107:19:107:Infinity": 23,
				"b:109:1:120:Infinity:undefined:undefined:undefined:undefined": 8,
				"s:109:1:120:Infinity": 24,
				"s:110:17:110:Infinity": 25,
				"s:111:23:111:Infinity": 26,
				"f:111:42:111:50": 10,
				"s:111:57:111:84": 27,
				"s:112:2:119:Infinity": 28,
				"b:117:22:117:60:117:60:117:Infinity": 9,
				"b:118:17:118:42:118:42:118:Infinity": 10,
				"s:122:14:122:Infinity": 29,
				"s:123:22:123:Infinity": 30,
				"f:123:40:123:48": 11,
				"s:123:55:123:82": 31,
				"s:124:1:131:Infinity": 32,
				"b:129:19:129:55:129:55:129:Infinity": 11,
				"b:130:16:130:41:130:41:130:Infinity": 12,
				"f:134:9:134:17": 12,
				"s:135:33:135:Infinity": 33,
				"s:136:1:138:Infinity": 34,
				"b:137:2:137:Infinity:undefined:undefined:undefined:undefined": 13,
				"s:137:2:137:Infinity": 35,
				"b:137:6:137:15:137:15:137:40": 14,
				"s:137:40:137:Infinity": 36,
				"s:139:1:139:Infinity": 37,
				"f:143:16:143:29": 13,
				"s:144:31:144:Infinity": 38,
				"s:145:1:148:Infinity": 39,
				"s:146:12:146:Infinity": 40,
				"b:147:2:147:Infinity:undefined:undefined:undefined:undefined": 15,
				"s:147:2:147:Infinity": 41,
				"s:147:9:147:Infinity": 42,
				"s:149:1:149:Infinity": 43,
				"f:153:16:153:Infinity": 14,
				"s:157:1:159:Infinity": 44,
				"f:158:3:158:11": 15,
				"s:158:17:158:38": 45,
				"f:159:3:159:8": 16,
				"s:159:15:159:90": 46,
				"b:159:27:159:41:159:41:159:61": 16,
				"f:162:15:162:28": 17,
				"s:163:13:167:Infinity": 47,
				"b:168:1:168:Infinity:undefined:undefined:undefined:undefined": 17,
				"s:168:1:168:Infinity": 48,
				"s:168:14:168:Infinity": 49,
				"s:169:1:169:Infinity": 50,
				"f:184:15:184:Infinity": 18,
				"s:189:16:189:Infinity": 51,
				"s:191:1:196:Infinity": 52,
				"s:192:15:194:Infinity": 53,
				"s:195:2:195:Infinity": 54,
				"s:195:26:195:Infinity": 55,
				"b:198:1:203:Infinity:undefined:undefined:undefined:undefined": 18,
				"s:198:1:203:Infinity": 56,
				"s:199:15:201:Infinity": 57,
				"s:202:2:202:Infinity": 58,
				"s:202:26:202:Infinity": 59,
				"s:205:1:205:Infinity": 60,
				"f:209:15:209:27": 19,
				"s:210:28:210:Infinity": 61,
				"s:211:1:219:Infinity": 62,
				"s:211:14:211:17": 63,
				"s:212:16:212:Infinity": 64,
				"s:213:15:217:Infinity": 65,
				"s:218:2:218:Infinity": 66,
				"s:220:1:220:Infinity": 67,
				"f:233:22:233:43": 20,
				"s:238:19:238:Infinity": 68,
				"b:239:1:239:Infinity:undefined:undefined:undefined:undefined": 19,
				"s:239:1:239:Infinity": 69,
				"s:239:29:239:Infinity": 70,
				"s:241:16:241:Infinity": 71,
				"s:242:16:242:Infinity": 72,
				"s:243:20:243:Infinity": 73,
				"f:243:27:243:32": 21,
				"s:243:39:243:65": 74,
				"s:244:1:247:Infinity": 75
			},
			"fnNames": {}
		}
	},
	"/home/adam/cardano-mercury/mercury-tokenomics/src/lib/tokenomics/anchor.ts": {
		"path": "/home/adam/cardano-mercury/mercury-tokenomics/src/lib/tokenomics/anchor.ts",
		"statementMap": {
			"0": { "start": { "line": 12, "column": 30 }, "end": { "line": 12, "column": null } },
			"1": { "start": { "line": 52, "column": 20 }, "end": { "line": 56, "column": null } },
			"2": { "start": { "line": 54, "column": 47 }, "end": { "line": 54, "column": 77 } },
			"3": { "start": { "line": 57, "column": 1 }, "end": { "line": 57, "column": null } },
			"4": { "start": { "line": 65, "column": 15 }, "end": { "line": 65, "column": null } },
			"5": { "start": { "line": 66, "column": 1 }, "end": { "line": 66, "column": null } },
			"6": { "start": { "line": 81, "column": 1 }, "end": { "line": 89, "column": null } },
			"7": { "start": { "line": 94, "column": 1 }, "end": { "line": 94, "column": null } },
			"8": { "start": { "line": 99, "column": 1 }, "end": { "line": 99, "column": null } },
			"9": { "start": { "line": 99, "column": 12 }, "end": { "line": 99, "column": null } },
			"10": { "start": { "line": 100, "column": 1 }, "end": { "line": 100, "column": null } },
			"11": { "start": { "line": 100, "column": 12 }, "end": { "line": 100, "column": null } },
			"12": { "start": { "line": 101, "column": 1 }, "end": { "line": 101, "column": null } },
			"13": { "start": { "line": 110, "column": 1 }, "end": { "line": 112, "column": null } },
			"14": { "start": { "line": 111, "column": 2 }, "end": { "line": 111, "column": null } },
			"15": { "start": { "line": 113, "column": 1 }, "end": { "line": 115, "column": null } },
			"16": { "start": { "line": 114, "column": 2 }, "end": { "line": 114, "column": null } },
			"17": { "start": { "line": 116, "column": 16 }, "end": { "line": 116, "column": null } },
			"18": { "start": { "line": 117, "column": 17 }, "end": { "line": 119, "column": null } },
			"19": { "start": { "line": 119, "column": 16 }, "end": { "line": 119, "column": 72 } },
			"20": { "start": { "line": 120, "column": 1 }, "end": { "line": 120, "column": null } }
		},
		"fnMap": {
			"0": {
				"name": "canonicalize",
				"decl": { "start": { "line": 51, "column": 16 }, "end": { "line": 51, "column": 29 } },
				"loc": { "start": { "line": 51, "column": 66 }, "end": { "line": 58, "column": null } },
				"line": 51
			},
			"1": {
				"name": "(anonymous_1)",
				"decl": { "start": { "line": 54, "column": 32 }, "end": { "line": 54, "column": 38 } },
				"loc": { "start": { "line": 54, "column": 47 }, "end": { "line": 54, "column": 77 } },
				"line": 54
			},
			"2": {
				"name": "hashDeclaration",
				"decl": { "start": { "line": 64, "column": 16 }, "end": { "line": 64, "column": 32 } },
				"loc": { "start": { "line": 64, "column": 69 }, "end": { "line": 67, "column": null } },
				"line": 64
			},
			"3": {
				"name": "buildMetadata",
				"decl": { "start": { "line": 77, "column": 16 }, "end": { "line": 77, "column": null } },
				"loc": { "start": { "line": 80, "column": 47 }, "end": { "line": 90, "column": null } },
				"line": 80
			},
			"4": {
				"name": "verifyDeclaration",
				"decl": { "start": { "line": 93, "column": 16 }, "end": { "line": 93, "column": 34 } },
				"loc": { "start": { "line": 93, "column": 94 }, "end": { "line": 95, "column": null } },
				"line": 93
			},
			"5": {
				"name": "compareStrings",
				"decl": { "start": { "line": 98, "column": 9 }, "end": { "line": 98, "column": 24 } },
				"loc": { "start": { "line": 98, "column": 54 }, "end": { "line": 102, "column": null } },
				"line": 98
			},
			"6": {
				"name": "stableStringify",
				"decl": { "start": { "line": 109, "column": 9 }, "end": { "line": 109, "column": 25 } },
				"loc": { "start": { "line": 109, "column": 49 }, "end": { "line": 121, "column": null } },
				"line": 109
			},
			"7": {
				"name": "(anonymous_7)",
				"decl": { "start": { "line": 119, "column": 3 }, "end": { "line": 119, "column": 8 } },
				"loc": { "start": { "line": 119, "column": 16 }, "end": { "line": 119, "column": 72 } },
				"line": 119
			}
		},
		"branchMap": {
			"0": {
				"loc": { "start": { "line": 87, "column": 7 }, "end": { "line": 87, "column": null } },
				"type": "cond-expr",
				"locations": [
					{ "start": { "line": 87, "column": 13 }, "end": { "line": 87, "column": 23 } },
					{ "start": { "line": 87, "column": 23 }, "end": { "line": 87, "column": null } }
				],
				"line": 87
			},
			"1": {
				"loc": { "start": { "line": 99, "column": 1 }, "end": { "line": 99, "column": null } },
				"type": "if",
				"locations": [
					{ "start": { "line": 99, "column": 1 }, "end": { "line": 99, "column": null } },
					{ "start": {}, "end": {} }
				],
				"line": 99
			},
			"2": {
				"loc": { "start": { "line": 100, "column": 1 }, "end": { "line": 100, "column": null } },
				"type": "if",
				"locations": [
					{ "start": { "line": 100, "column": 1 }, "end": { "line": 100, "column": null } },
					{ "start": {}, "end": {} }
				],
				"line": 100
			},
			"3": {
				"loc": { "start": { "line": 110, "column": 1 }, "end": { "line": 112, "column": null } },
				"type": "if",
				"locations": [
					{ "start": { "line": 110, "column": 1 }, "end": { "line": 112, "column": null } },
					{ "start": {}, "end": {} }
				],
				"line": 110
			},
			"4": {
				"loc": { "start": { "line": 110, "column": 5 }, "end": { "line": 110, "column": 50 } },
				"type": "binary-expr",
				"locations": [
					{ "start": { "line": 110, "column": 5 }, "end": { "line": 110, "column": 23 } },
					{ "start": { "line": 110, "column": 23 }, "end": { "line": 110, "column": 50 } }
				],
				"line": 110
			},
			"5": {
				"loc": { "start": { "line": 113, "column": 1 }, "end": { "line": 115, "column": null } },
				"type": "if",
				"locations": [
					{ "start": { "line": 113, "column": 1 }, "end": { "line": 115, "column": null } },
					{ "start": {}, "end": {} }
				],
				"line": 113
			}
		},
		"s": {
			"0": 2,
			"1": 38,
			"2": 35,
			"3": 38,
			"4": 29,
			"5": 29,
			"6": 5,
			"7": 5,
			"8": 1747,
			"9": 737,
			"10": 1010,
			"11": 1010,
			"12": 0,
			"13": 1113,
			"14": 888,
			"15": 225,
			"16": 76,
			"17": 149,
			"18": 149,
			"19": 894,
			"20": 149
		},
		"f": { "0": 38, "1": 35, "2": 29, "3": 5, "4": 5, "5": 1747, "6": 1113, "7": 894 },
		"b": {
			"0": [1, 4],
			"1": [737, 1010],
			"2": [1010, 0],
			"3": [888, 225],
			"4": [1113, 1113],
			"5": [76, 149]
		},
		"meta": {
			"lastBranch": 6,
			"lastFunction": 8,
			"lastStatement": 21,
			"seen": {
				"s:12:30:12:Infinity": 0,
				"f:51:16:51:29": 0,
				"s:52:20:56:Infinity": 1,
				"f:54:32:54:38": 1,
				"s:54:47:54:77": 2,
				"s:57:1:57:Infinity": 3,
				"f:64:16:64:32": 2,
				"s:65:15:65:Infinity": 4,
				"s:66:1:66:Infinity": 5,
				"f:77:16:77:Infinity": 3,
				"s:81:1:89:Infinity": 6,
				"b:87:13:87:23:87:23:87:Infinity": 0,
				"f:93:16:93:34": 4,
				"s:94:1:94:Infinity": 7,
				"f:98:9:98:24": 5,
				"b:99:1:99:Infinity:undefined:undefined:undefined:undefined": 1,
				"s:99:1:99:Infinity": 8,
				"s:99:12:99:Infinity": 9,
				"b:100:1:100:Infinity:undefined:undefined:undefined:undefined": 2,
				"s:100:1:100:Infinity": 10,
				"s:100:12:100:Infinity": 11,
				"s:101:1:101:Infinity": 12,
				"f:109:9:109:25": 6,
				"b:110:1:112:Infinity:undefined:undefined:undefined:undefined": 3,
				"s:110:1:112:Infinity": 13,
				"b:110:5:110:23:110:23:110:50": 4,
				"s:111:2:111:Infinity": 14,
				"b:113:1:115:Infinity:undefined:undefined:undefined:undefined": 5,
				"s:113:1:115:Infinity": 15,
				"s:114:2:114:Infinity": 16,
				"s:116:16:116:Infinity": 17,
				"s:117:17:119:Infinity": 18,
				"f:119:3:119:8": 7,
				"s:119:16:119:72": 19,
				"s:120:1:120:Infinity": 20
			},
			"fnNames": {}
		}
	},
	"/home/adam/cardano-mercury/mercury-tokenomics/src/lib/tokenomics/classify.ts": {
		"path": "/home/adam/cardano-mercury/mercury-tokenomics/src/lib/tokenomics/classify.ts",
		"statementMap": {
			"0": { "start": { "line": 51, "column": 30 }, "end": { "line": 51, "column": null } },
			"1": { "start": { "line": 52, "column": 21 }, "end": { "line": 52, "column": null } },
			"2": { "start": { "line": 53, "column": 20 }, "end": { "line": 53, "column": null } },
			"3": { "start": { "line": 55, "column": 1 }, "end": { "line": 72, "column": null } },
			"4": { "start": { "line": 56, "column": 2 }, "end": { "line": 56, "column": null } },
			"5": { "start": { "line": 56, "column": 29 }, "end": { "line": 56, "column": null } },
			"6": { "start": { "line": 58, "column": 25 }, "end": { "line": 58, "column": null } },
			"7": { "start": { "line": 59, "column": 23 }, "end": { "line": 59, "column": null } },
			"8": { "start": { "line": 61, "column": 2 }, "end": { "line": 71, "column": null } },
			"9": { "start": { "line": 62, "column": 3 }, "end": { "line": 66, "column": null } },
			"10": { "start": { "line": 67, "column": 9 }, "end": { "line": 71, "column": null } },
			"11": { "start": { "line": 68, "column": 3 }, "end": { "line": 68, "column": null } },
			"12": { "start": { "line": 69, "column": 9 }, "end": { "line": 71, "column": null } },
			"13": { "start": { "line": 70, "column": 3 }, "end": { "line": 70, "column": null } },
			"14": { "start": { "line": 74, "column": 1 }, "end": { "line": 74, "column": null } }
		},
		"fnMap": {
			"0": {
				"name": "classifyTransfers",
				"decl": { "start": { "line": 46, "column": 16 }, "end": { "line": 46, "column": null } },
				"loc": { "start": { "line": 50, "column": 23 }, "end": { "line": 75, "column": null } },
				"line": 50
			}
		},
		"branchMap": {
			"0": {
				"loc": { "start": { "line": 49, "column": 1 }, "end": { "line": 49, "column": null } },
				"type": "default-arg",
				"locations": [
					{ "start": { "line": 49, "column": 22 }, "end": { "line": 49, "column": null } }
				],
				"line": 49
			},
			"1": {
				"loc": { "start": { "line": 56, "column": 2 }, "end": { "line": 56, "column": null } },
				"type": "if",
				"locations": [
					{ "start": { "line": 56, "column": 2 }, "end": { "line": 56, "column": null } },
					{ "start": {}, "end": {} }
				],
				"line": 56
			},
			"2": {
				"loc": { "start": { "line": 61, "column": 2 }, "end": { "line": 71, "column": null } },
				"type": "if",
				"locations": [
					{ "start": { "line": 61, "column": 2 }, "end": { "line": 71, "column": null } },
					{ "start": { "line": 67, "column": 9 }, "end": { "line": 71, "column": null } }
				],
				"line": 61
			},
			"3": {
				"loc": { "start": { "line": 61, "column": 6 }, "end": { "line": 61, "column": 39 } },
				"type": "binary-expr",
				"locations": [
					{ "start": { "line": 61, "column": 6 }, "end": { "line": 61, "column": 24 } },
					{ "start": { "line": 61, "column": 24 }, "end": { "line": 61, "column": 39 } }
				],
				"line": 61
			},
			"4": {
				"loc": { "start": { "line": 63, "column": 14 }, "end": { "line": 63, "column": null } },
				"type": "binary-expr",
				"locations": [
					{ "start": { "line": 63, "column": 14 }, "end": { "line": 63, "column": 59 } },
					{ "start": { "line": 63, "column": 59 }, "end": { "line": 63, "column": null } }
				],
				"line": 63
			},
			"5": {
				"loc": { "start": { "line": 67, "column": 9 }, "end": { "line": 71, "column": null } },
				"type": "if",
				"locations": [
					{ "start": { "line": 67, "column": 9 }, "end": { "line": 71, "column": null } },
					{ "start": { "line": 69, "column": 9 }, "end": { "line": 71, "column": null } }
				],
				"line": 67
			},
			"6": {
				"loc": { "start": { "line": 67, "column": 13 }, "end": { "line": 67, "column": 45 } },
				"type": "binary-expr",
				"locations": [
					{ "start": { "line": 67, "column": 13 }, "end": { "line": 67, "column": 31 } },
					{ "start": { "line": 67, "column": 31 }, "end": { "line": 67, "column": 45 } }
				],
				"line": 67
			},
			"7": {
				"loc": { "start": { "line": 69, "column": 9 }, "end": { "line": 71, "column": null } },
				"type": "if",
				"locations": [
					{ "start": { "line": 69, "column": 9 }, "end": { "line": 71, "column": null } },
					{ "start": {}, "end": {} }
				],
				"line": 69
			},
			"8": {
				"loc": { "start": { "line": 69, "column": 13 }, "end": { "line": 69, "column": 46 } },
				"type": "binary-expr",
				"locations": [
					{ "start": { "line": 69, "column": 13 }, "end": { "line": 69, "column": 32 } },
					{ "start": { "line": 69, "column": 32 }, "end": { "line": 69, "column": 46 } }
				],
				"line": 69
			}
		},
		"s": {
			"0": 14,
			"1": 14,
			"2": 14,
			"3": 14,
			"4": 24,
			"5": 5,
			"6": 19,
			"7": 19,
			"8": 19,
			"9": 11,
			"10": 8,
			"11": 3,
			"12": 5,
			"13": 3,
			"14": 14
		},
		"f": { "0": 14 },
		"b": {
			"0": [14],
			"1": [5, 19],
			"2": [11, 8],
			"3": [19, 14],
			"4": [11, 4],
			"5": [3, 5],
			"6": [8, 3],
			"7": [3, 2],
			"8": [5, 5]
		},
		"meta": {
			"lastBranch": 9,
			"lastFunction": 1,
			"lastStatement": 15,
			"seen": {
				"f:46:16:46:Infinity": 0,
				"b:49:22:49:Infinity": 0,
				"s:51:30:51:Infinity": 0,
				"s:52:21:52:Infinity": 1,
				"s:53:20:53:Infinity": 2,
				"s:55:1:72:Infinity": 3,
				"b:56:2:56:Infinity:undefined:undefined:undefined:undefined": 1,
				"s:56:2:56:Infinity": 4,
				"s:56:29:56:Infinity": 5,
				"s:58:25:58:Infinity": 6,
				"s:59:23:59:Infinity": 7,
				"b:61:2:71:Infinity:67:9:71:Infinity": 2,
				"s:61:2:71:Infinity": 8,
				"b:61:6:61:24:61:24:61:39": 3,
				"s:62:3:66:Infinity": 9,
				"b:63:14:63:59:63:59:63:Infinity": 4,
				"b:67:9:71:Infinity:69:9:71:Infinity": 5,
				"s:67:9:71:Infinity": 10,
				"b:67:13:67:31:67:31:67:45": 6,
				"s:68:3:68:Infinity": 11,
				"b:69:9:71:Infinity:undefined:undefined:undefined:undefined": 7,
				"s:69:9:71:Infinity": 12,
				"b:69:13:69:32:69:32:69:46": 8,
				"s:70:3:70:Infinity": 13,
				"s:74:1:74:Infinity": 14
			},
			"fnNames": {}
		}
	},
	"/home/adam/cardano-mercury/mercury-tokenomics/src/lib/tokenomics/compare.ts": {
		"path": "/home/adam/cardano-mercury/mercury-tokenomics/src/lib/tokenomics/compare.ts",
		"statementMap": {
			"0": { "start": { "line": 68, "column": 16 }, "end": { "line": 68, "column": null } },
			"1": { "start": { "line": 68, "column": 51 }, "end": { "line": 68, "column": 76 } },
			"2": { "start": { "line": 69, "column": 18 }, "end": { "line": 69, "column": null } },
			"3": { "start": { "line": 71, "column": 45 }, "end": { "line": 84, "column": null } },
			"4": { "start": { "line": 72, "column": 19 }, "end": { "line": 72, "column": null } },
			"5": { "start": { "line": 73, "column": 17 }, "end": { "line": 77, "column": null } },
			"6": { "start": { "line": 73, "column": 37 }, "end": { "line": 77, "column": 4 } },
			"7": { "start": { "line": 78, "column": 2 }, "end": { "line": 83, "column": null } },
			"8": { "start": { "line": 86, "column": 1 }, "end": { "line": 90, "column": null } },
			"9": { "start": { "line": 94, "column": 18 }, "end": { "line": 94, "column": null } },
			"10": { "start": { "line": 95, "column": 16 }, "end": { "line": 95, "column": null } },
			"11": { "start": { "line": 96, "column": 1 }, "end": { "line": 96, "column": null } },
			"12": { "start": { "line": 101, "column": 11 }, "end": { "line": 101, "column": null } },
			"13": { "start": { "line": 102, "column": 1 }, "end": { "line": 104, "column": null } },
			"14": { "start": { "line": 103, "column": 2 }, "end": { "line": 103, "column": null } },
			"15": { "start": { "line": 103, "column": 38 }, "end": { "line": 103, "column": null } },
			"16": { "start": { "line": 105, "column": 1 }, "end": { "line": 105, "column": null } },
			"17": { "start": { "line": 109, "column": 13 }, "end": { "line": 109, "column": null } },
			"18": { "start": { "line": 110, "column": 1 }, "end": { "line": 114, "column": null } },
			"19": { "start": { "line": 111, "column": 15 }, "end": { "line": 111, "column": null } },
			"20": { "start": { "line": 112, "column": 2 }, "end": { "line": 113, "column": null } },
			"21": { "start": { "line": 112, "column": 12 }, "end": { "line": 112, "column": null } },
			"22": { "start": { "line": 113, "column": 7 }, "end": { "line": 113, "column": null } },
			"23": { "start": { "line": 115, "column": 1 }, "end": { "line": 115, "column": null } },
			"24": { "start": { "line": 124, "column": 16 }, "end": { "line": 132, "column": null } },
			"25": { "start": { "line": 125, "column": 17 }, "end": { "line": 125, "column": null } },
			"26": { "start": { "line": 126, "column": 15 }, "end": { "line": 126, "column": null } },
			"27": { "start": { "line": 127, "column": 2 }, "end": { "line": 130, "column": null } },
			"28": { "start": { "line": 128, "column": 3 }, "end": { "line": 128, "column": null } },
			"29": { "start": { "line": 129, "column": 3 }, "end": { "line": 129, "column": null } },
			"30": { "start": { "line": 131, "column": 2 }, "end": { "line": 131, "column": null } },
			"31": { "start": { "line": 134, "column": 16 }, "end": { "line": 134, "column": null } },
			"32": { "start": { "line": 135, "column": 14 }, "end": { "line": 135, "column": null } },
			"33": { "start": { "line": 136, "column": 1 }, "end": { "line": 139, "column": null } },
			"34": { "start": { "line": 137, "column": 2 }, "end": { "line": 137, "column": null } },
			"35": { "start": { "line": 138, "column": 2 }, "end": { "line": 138, "column": null } },
			"36": { "start": { "line": 141, "column": 1 }, "end": { "line": 141, "column": null } }
		},
		"fnMap": {
			"0": {
				"name": "buildStatement",
				"decl": { "start": { "line": 63, "column": 16 }, "end": { "line": 63, "column": null } },
				"loc": { "start": { "line": 67, "column": 13 }, "end": { "line": 91, "column": null } },
				"line": 67
			},
			"1": {
				"name": "(anonymous_1)",
				"decl": { "start": { "line": 68, "column": 36 }, "end": { "line": 68, "column": 42 } },
				"loc": { "start": { "line": 68, "column": 51 }, "end": { "line": 68, "column": 76 } },
				"line": 68
			},
			"2": {
				"name": "(anonymous_2)",
				"decl": { "start": { "line": 71, "column": 53 }, "end": { "line": 71, "column": 58 } },
				"loc": { "start": { "line": 71, "column": 69 }, "end": { "line": 84, "column": 2 } },
				"line": 71
			},
			"3": {
				"name": "(anonymous_3)",
				"decl": { "start": { "line": 73, "column": 24 }, "end": { "line": 73, "column": 29 } },
				"loc": { "start": { "line": 73, "column": 37 }, "end": { "line": 77, "column": 4 } },
				"line": 73
			},
			"4": {
				"name": "snapshotFor",
				"decl": { "start": { "line": 93, "column": 9 }, "end": { "line": 93, "column": 21 } },
				"loc": { "start": { "line": 93, "column": 91 }, "end": { "line": 97, "column": null } },
				"line": 93
			},
			"5": {
				"name": "cumulativeActual",
				"decl": { "start": { "line": 100, "column": 9 }, "end": { "line": 100, "column": 26 } },
				"loc": { "start": { "line": 100, "column": 66 }, "end": { "line": 106, "column": null } },
				"line": 100
			},
			"6": {
				"name": "groupMovements",
				"decl": { "start": { "line": 108, "column": 9 }, "end": { "line": 108, "column": 24 } },
				"loc": { "start": { "line": 108, "column": 72 }, "end": { "line": 116, "column": null } },
				"line": 108
			},
			"7": {
				"name": "aggregate",
				"decl": { "start": { "line": 119, "column": 9 }, "end": { "line": 119, "column": null } },
				"loc": { "start": { "line": 123, "column": 49 }, "end": { "line": 142, "column": null } },
				"line": 123
			},
			"8": {
				"name": "(anonymous_8)",
				"decl": { "start": { "line": 124, "column": 23 }, "end": { "line": 124, "column": 28 } },
				"loc": { "start": { "line": 124, "column": 38 }, "end": { "line": 132, "column": 2 } },
				"line": 124
			}
		},
		"branchMap": {
			"0": {
				"loc": { "start": { "line": 72, "column": 19 }, "end": { "line": 72, "column": null } },
				"type": "binary-expr",
				"locations": [
					{ "start": { "line": 72, "column": 19 }, "end": { "line": 72, "column": 46 } },
					{ "start": { "line": 72, "column": 46 }, "end": { "line": 72, "column": null } }
				],
				"line": 72
			},
			"1": {
				"loc": { "start": { "line": 103, "column": 2 }, "end": { "line": 103, "column": null } },
				"type": "if",
				"locations": [
					{ "start": { "line": 103, "column": 2 }, "end": { "line": 103, "column": null } },
					{ "start": {}, "end": {} }
				],
				"line": 103
			},
			"2": {
				"loc": { "start": { "line": 112, "column": 2 }, "end": { "line": 113, "column": null } },
				"type": "if",
				"locations": [
					{ "start": { "line": 112, "column": 2 }, "end": { "line": 113, "column": null } },
					{ "start": { "line": 113, "column": 7 }, "end": { "line": 113, "column": null } }
				],
				"line": 112
			}
		},
		"s": {
			"0": 15,
			"1": 6,
			"2": 15,
			"3": 15,
			"4": 18,
			"5": 18,
			"6": 22,
			"7": 18,
			"8": 15,
			"9": 18,
			"10": 18,
			"11": 18,
			"12": 40,
			"13": 40,
			"14": 36,
			"15": 28,
			"16": 40,
			"17": 15,
			"18": 15,
			"19": 15,
			"20": 15,
			"21": 3,
			"22": 12,
			"23": 15,
			"24": 15,
			"25": 19,
			"26": 19,
			"27": 19,
			"28": 22,
			"29": 22,
			"30": 19,
			"31": 15,
			"32": 15,
			"33": 15,
			"34": 18,
			"35": 18,
			"36": 15
		},
		"f": { "0": 15, "1": 6, "2": 18, "3": 22, "4": 18, "5": 40, "6": 15, "7": 15, "8": 19 },
		"b": { "0": [18, 7], "1": [28, 8], "2": [3, 12] },
		"meta": {
			"lastBranch": 3,
			"lastFunction": 9,
			"lastStatement": 37,
			"seen": {
				"f:63:16:63:Infinity": 0,
				"s:68:16:68:Infinity": 0,
				"f:68:36:68:42": 1,
				"s:68:51:68:76": 1,
				"s:69:18:69:Infinity": 2,
				"s:71:45:84:Infinity": 3,
				"f:71:53:71:58": 2,
				"s:72:19:72:Infinity": 4,
				"b:72:19:72:46:72:46:72:Infinity": 0,
				"s:73:17:77:Infinity": 5,
				"f:73:24:73:29": 3,
				"s:73:37:77:4": 6,
				"s:78:2:83:Infinity": 7,
				"s:86:1:90:Infinity": 8,
				"f:93:9:93:21": 4,
				"s:94:18:94:Infinity": 9,
				"s:95:16:95:Infinity": 10,
				"s:96:1:96:Infinity": 11,
				"f:100:9:100:26": 5,
				"s:101:11:101:Infinity": 12,
				"s:102:1:104:Infinity": 13,
				"b:103:2:103:Infinity:undefined:undefined:undefined:undefined": 1,
				"s:103:2:103:Infinity": 14,
				"s:103:38:103:Infinity": 15,
				"s:105:1:105:Infinity": 16,
				"f:108:9:108:24": 6,
				"s:109:13:109:Infinity": 17,
				"s:110:1:114:Infinity": 18,
				"s:111:15:111:Infinity": 19,
				"b:112:2:113:Infinity:113:7:113:Infinity": 2,
				"s:112:2:113:Infinity": 20,
				"s:112:12:112:Infinity": 21,
				"s:113:7:113:Infinity": 22,
				"s:115:1:115:Infinity": 23,
				"f:119:9:119:Infinity": 7,
				"s:124:16:132:Infinity": 24,
				"f:124:23:124:28": 8,
				"s:125:17:125:Infinity": 25,
				"s:126:15:126:Infinity": 26,
				"s:127:2:130:Infinity": 27,
				"s:128:3:128:Infinity": 28,
				"s:129:3:129:Infinity": 29,
				"s:131:2:131:Infinity": 30,
				"s:134:16:134:Infinity": 31,
				"s:135:14:135:Infinity": 32,
				"s:136:1:139:Infinity": 33,
				"s:137:2:137:Infinity": 34,
				"s:138:2:138:Infinity": 35,
				"s:141:1:141:Infinity": 36
			},
			"fnNames": {}
		}
	},
	"/home/adam/cardano-mercury/mercury-tokenomics/src/lib/tokenomics/controlled.ts": {
		"path": "/home/adam/cardano-mercury/mercury-tokenomics/src/lib/tokenomics/controlled.ts",
		"statementMap": {
			"0": { "start": { "line": 54, "column": 25 }, "end": { "line": 54, "column": null } },
			"1": { "start": { "line": 56, "column": 27 }, "end": { "line": 56, "column": null } },
			"2": { "start": { "line": 58, "column": 1 }, "end": { "line": 70, "column": null } },
			"3": { "start": { "line": 59, "column": 2 }, "end": { "line": 59, "column": null } },
			"4": { "start": { "line": 61, "column": 19 }, "end": { "line": 61, "column": null } },
			"5": { "start": { "line": 62, "column": 2 }, "end": { "line": 62, "column": null } },
			"6": { "start": { "line": 62, "column": 25 }, "end": { "line": 62, "column": null } },
			"7": { "start": { "line": 64, "column": 16 }, "end": { "line": 64, "column": null } },
[...]
			"4": [3, 3],
			"5": [6, 5],
			"6": [1, 5],
			"7": [6, 0],
			"8": [6, 0],
			"9": [0, 0]
		},
		"meta": {
			"lastBranch": 10,
			"lastFunction": 8,
			"lastStatement": 30,
			"seen": {
				"s:12:36:12:Infinity": 0,
				"f:43:16:43:30": 0,
				"b:43:64:43:76": 0,
				"b:44:1:44:Infinity:undefined:undefined:undefined:undefined": 1,
				"s:44:1:44:Infinity": 1,
				"s:44:37:44:Infinity": 2,
				"s:45:21:45:Infinity": 3,
				"s:46:14:46:Infinity": 4,
				"s:47:24:47:Infinity": 5,
				"s:48:1:50:Infinity": 6,
				"s:48:14:48:17": 7,
				"s:49:2:49:Infinity": 8,
				"b:51:1:51:Infinity:undefined:undefined:undefined:undefined": 2,
				"s:51:1:51:Infinity": 9,
				"s:51:57:51:Infinity": 10,
				"s:52:1:52:Infinity": 11,
				"f:55:16:55:Infinity": 1,
				"s:61:15:61:Infinity": 12,
				"f:61:31:61:36": 2,
				"s:61:42:61:46": 13,
				"s:63:30:69:Infinity": 14,
				"f:64:3:64:11": 3,
				"s:64:17:64:38": 15,
				"f:65:3:65:8": 4,
				"s:65:15:69:4": 16,
				"b:66:51:66:64:66:64:66:Infinity": 3,
				"b:66:13:66:27:66:27:66:51": 4,
				"s:71:37:83:Infinity": 17,
				"f:71:45:71:50": 5,
				"s:71:57:83:3": 18,
				"b:80:7:80:23:80:23:80:Infinity": 5,
				"b:85:1:98:Infinity:undefined:undefined:undefined:undefined": 6,
				"s:85:1:98:Infinity": 19,
				"f:85:14:85:20": 6,
				"s:85:26:85:61": 20,
				"s:86:2:97:Infinity": 21,
				"s:100:16:100:Infinity": 22,
				"b:100:16:100:34:100:34:100:Infinity": 7,
				"s:101:1:101:Infinity": 23,
				"f:104:9:104:20": 7,
				"b:105:1:105:Infinity:undefined:undefined:undefined:undefined": 8,
				"s:105:1:105:Infinity": 24,
				"s:105:11:105:Infinity": 25,
				"s:106:1:111:Infinity": 26,
				"s:107:17:107:Infinity": 27,
				"s:108:2:108:Infinity": 28,
				"b:108:34:108:60:108:60:108:Infinity": 9,
				"s:110:2:110:Infinity": 29
			},
			"fnNames": {}
		}
	},
	"/home/adam/cardano-mercury/mercury-tokenomics/src/lib/tokenomics/time.ts": {
		"path": "/home/adam/cardano-mercury/mercury-tokenomics/src/lib/tokenomics/time.ts",
		"statementMap": {
			"0": { "start": { "line": 10, "column": 24 }, "end": { "line": 10, "column": null } },
			"1": { "start": { "line": 14, "column": 1 }, "end": { "line": 14, "column": null } },
			"2": { "start": { "line": 19, "column": 1 }, "end": { "line": 19, "column": null } },
			"3": { "start": { "line": 24, "column": 1 }, "end": { "line": 24, "column": null } },
			"4": { "start": { "line": 24, "column": 18 }, "end": { "line": 24, "column": null } },
			"5": { "start": { "line": 25, "column": 1 }, "end": { "line": 25, "column": null } },
			"6": { "start": { "line": 25, "column": 18 }, "end": { "line": 25, "column": null } },
			"7": { "start": { "line": 26, "column": 1 }, "end": { "line": 26, "column": null } }
		},
		"fnMap": {
			"0": {
				"name": "msBetween",
				"decl": { "start": { "line": 13, "column": 16 }, "end": { "line": 13, "column": 26 } },
				"loc": { "start": { "line": 13, "column": 56 }, "end": { "line": 15, "column": null } },
				"line": 13
			},
			"1": {
				"name": "addMonths",
				"decl": { "start": { "line": 18, "column": 16 }, "end": { "line": 18, "column": 26 } },
				"loc": { "start": { "line": 18, "column": 60 }, "end": { "line": 20, "column": null } },
				"line": 18
			},
			"2": {
				"name": "clampBigInt",
				"decl": { "start": { "line": 23, "column": 16 }, "end": { "line": 23, "column": 28 } },
				"loc": { "start": { "line": 23, "column": 77 }, "end": { "line": 27, "column": null } },
				"line": 23
			}
		},
		"branchMap": {
			"0": {
				"loc": { "start": { "line": 24, "column": 1 }, "end": { "line": 24, "column": null } },
				"type": "if",
				"locations": [
					{ "start": { "line": 24, "column": 1 }, "end": { "line": 24, "column": null } },
					{ "start": {}, "end": {} }
				],
				"line": 24
			},
			"1": {
				"loc": { "start": { "line": 25, "column": 1 }, "end": { "line": 25, "column": null } },
				"type": "if",
				"locations": [
					{ "start": { "line": 25, "column": 1 }, "end": { "line": 25, "column": null } },
					{ "start": {}, "end": {} }
				],
				"line": 25
			}
		},
		"s": { "0": 4, "1": 0, "2": 0, "3": 68, "4": 0, "5": 68, "6": 1, "7": 67 },
		"f": { "0": 0, "1": 0, "2": 68 },
		"b": { "0": [0, 68], "1": [1, 67] },
		"meta": {
			"lastBranch": 2,
			"lastFunction": 3,
			"lastStatement": 8,
			"seen": {
				"s:10:24:10:Infinity": 0,
				"f:13:16:13:26": 0,
				"s:14:1:14:Infinity": 1,
				"f:18:16:18:26": 1,
				"s:19:1:19:Infinity": 2,
				"f:23:16:23:28": 2,
				"b:24:1:24:Infinity:undefined:undefined:undefined:undefined": 0,
				"s:24:1:24:Infinity": 3,
				"s:24:18:24:Infinity": 4,
				"b:25:1:25:Infinity:undefined:undefined:undefined:undefined": 1,
				"s:25:1:25:Infinity": 5,
				"s:25:18:25:Infinity": 6,
				"s:26:1:26:Infinity": 7
			},
			"fnNames": {}
		}
	},
	"/home/adam/cardano-mercury/mercury-tokenomics/src/lib/tokenomics/vesting.ts": {
		"path": "/home/adam/cardano-mercury/mercury-tokenomics/src/lib/tokenomics/vesting.ts",
		"statementMap": {
			"0": { "start": { "line": 5, "column": 14 }, "end": { "line": 5, "column": null } },
			"1": { "start": { "line": 20, "column": 82 }, "end": { "line": 20, "column": null } },
			"2": { "start": { "line": 22, "column": 19 }, "end": { "line": 22, "column": null } },
			"3": { "start": { "line": 23, "column": 1 }, "end": { "line": 23, "column": null } },
			"4": { "start": { "line": 23, "column": 21 }, "end": { "line": 23, "column": null } },
			"5": { "start": { "line": 25, "column": 1 }, "end": { "line": 27, "column": null } },
			"6": { "start": { "line": 26, "column": 2 }, "end": { "line": 26, "column": null } },
			"7": { "start": { "line": 29, "column": 19 }, "end": { "line": 29, "column": null } },
			"8": { "start": { "line": 30, "column": 17 }, "end": { "line": 30, "column": null } },
			"9": { "start": { "line": 31, "column": 23 }, "end": { "line": 31, "column": null } },
			"10": { "start": { "line": 34, "column": 1 }, "end": { "line": 36, "column": null } },
			"11": { "start": { "line": 35, "column": 2 }, "end": { "line": 35, "column": null } },
			"12": { "start": { "line": 38, "column": 19 }, "end": { "line": 38, "column": null } },
			"13": { "start": { "line": 41, "column": 1 }, "end": { "line": 43, "column": null } },
			"14": { "start": { "line": 42, "column": 2 }, "end": { "line": 42, "column": null } },
			"15": { "start": { "line": 45, "column": 18 }, "end": { "line": 51, "column": null } },
			"16": { "start": { "line": 52, "column": 1 }, "end": { "line": 52, "column": null } },
			"17": { "start": { "line": 67, "column": 1 }, "end": { "line": 67, "column": null } },
			"18": { "start": { "line": 67, "column": 33 }, "end": { "line": 67, "column": null } },
			"19": { "start": { "line": 69, "column": 11 }, "end": { "line": 69, "column": null } },
			"20": { "start": { "line": 70, "column": 11 }, "end": { "line": 70, "column": null } },
			"21": { "start": { "line": 72, "column": 1 }, "end": { "line": 89, "column": null } },
			"22": { "start": { "line": 75, "column": 3 }, "end": { "line": 75, "column": null } },
			"23": { "start": { "line": 78, "column": 27 }, "end": { "line": 78, "column": null } },
			"24": { "start": { "line": 79, "column": 23 }, "end": { "line": 79, "column": null } },
			"25": { "start": { "line": 80, "column": 3 }, "end": { "line": 80, "column": null } },
			"26": { "start": { "line": 80, "column": 27 }, "end": { "line": 80, "column": null } },
			"27": { "start": { "line": 81, "column": 3 }, "end": { "line": 81, "column": null } },
			"28": { "start": { "line": 87, "column": 3 }, "end": { "line": 87, "column": null } },
			"29": { "start": { "line": 94, "column": 15 }, "end": { "line": 94, "column": null } },
			"30": { "start": { "line": 95, "column": 1 }, "end": { "line": 95, "column": null } },
			"31": { "start": { "line": 95, "column": 35 }, "end": { "line": 95, "column": null } },
			"32": { "start": { "line": 97, "column": 18 }, "end": { "line": 97, "column": null } },
			"33": { "start": { "line": 98, "column": 16 }, "end": { "line": 98, "column": null } },
			"34": { "start": { "line": 99, "column": 1 }, "end": { "line": 99, "column": null } },
			"35": { "start": { "line": 104, "column": 15 }, "end": { "line": 104, "column": null } },
			"36": { "start": { "line": 105, "column": 1 }, "end": { "line": 105, "column": null } },
			"37": { "start": { "line": 105, "column": 36 }, "end": { "line": 105, "column": null } },
			"38": { "start": { "line": 107, "column": 14 }, "end": { "line": 107, "column": null } },
			"39": { "start": { "line": 108, "column": 1 }, "end": { "line": 108, "column": null } },
			"40": { "start": { "line": 108, "column": 35 }, "end": { "line": 108, "column": null } },
			"41": { "start": { "line": 110, "column": 1 }, "end": { "line": 121, "column": null } },
			"42": { "start": { "line": 110, "column": 14 }, "end": { "line": 110, "column": 17 } },
			"43": { "start": { "line": 111, "column": 15 }, "end": { "line": 111, "column": null } },
			"44": { "start": { "line": 112, "column": 15 }, "end": { "line": 112, "column": null } },
			"45": { "start": { "line": 113, "column": 2 }, "end": { "line": 120, "column": null } },
			"46": { "start": { "line": 114, "column": 16 }, "end": { "line": 114, "column": null } },
			"47": { "start": { "line": 115, "column": 3 }, "end": { "line": 115, "column": null } },
			"48": { "start": { "line": 115, "column": 18 }, "end": { "line": 115, "column": null } },
			"49": { "start": { "line": 116, "column": 9 }, "end": { "line": 116, "column": null } },
			"50": { "start": { "line": 117, "column": 3 }, "end": { "line": 119, "column": null } },
			"51": { "start": { "line": 122, "column": 1 }, "end": { "line": 122, "column": null } },
			"52": { "start": { "line": 126, "column": 1 }, "end": { "line": 126, "column": null } },
			"53": { "start": { "line": 126, "column": 12 }, "end": { "line": 126, "column": null } },
			"54": { "start": { "line": 127, "column": 1 }, "end": { "line": 127, "column": null } },
			"55": { "start": { "line": 127, "column": 12 }, "end": { "line": 127, "column": null } },
			"56": { "start": { "line": 128, "column": 1 }, "end": { "line": 128, "column": null } }
		},
		"fnMap": {
			"0": {
				"name": "intendedUnlocked",
				"decl": { "start": { "line": 19, "column": 16 }, "end": { "line": 19, "column": 33 } },
				"loc": { "start": { "line": 19, "column": 77 }, "end": { "line": 53, "column": null } },
				"line": 19
			},
			"1": {
				"name": "releasedAfterCliff",
				"decl": { "start": { "line": 59, "column": 9 }, "end": { "line": 59, "column": null } },
				"loc": { "start": { "line": 65, "column": 10 }, "end": { "line": 90, "column": null } },
				"line": 65
			},
			"2": {
				"name": "customUnlocked",
				"decl": { "start": { "line": 93, "column": 9 }, "end": { "line": 93, "column": 24 } },
				"loc": { "start": { "line": 93, "column": 81 }, "end": { "line": 100, "column": null } },
				"line": 93
			},
			"3": {
				"name": "interpolateFraction",
				"decl": { "start": { "line": 103, "column": 9 }, "end": { "line": 103, "column": 29 } },
				"loc": { "start": { "line": 103, "column": 74 }, "end": { "line": 123, "column": null } },
				"line": 103
			},
			"4": {
				"name": "clamp01",
				"decl": { "start": { "line": 125, "column": 9 }, "end": { "line": 125, "column": 17 } },
				"loc": { "start": { "line": 125, "column": 36 }, "end": { "line": 129, "column": null } },
				"line": 125
			}
		},
		"branchMap": {
			"0": {
				"loc": { "start": { "line": 23, "column": 1 }, "end": { "line": 23, "column": null } },
				"type": "if",
				"locations": [
					{ "start": { "line": 23, "column": 1 }, "end": { "line": 23, "column": null } },
					{ "start": {}, "end": {} }
				],
				"line": 23
			},
			"1": {
				"loc": { "start": { "line": 25, "column": 1 }, "end": { "line": 27, "column": null } },
				"type": "if",
				"locations": [
					{ "start": { "line": 25, "column": 1 }, "end": { "line": 27, "column": null } },
					{ "start": {}, "end": {} }
				],
				"line": 25
			},
			"2": {
				"loc": { "start": { "line": 34, "column": 1 }, "end": { "line": 36, "column": null } },
				"type": "if",
				"locations": [
					{ "start": { "line": 34, "column": 1 }, "end": { "line": 36, "column": null } },
					{ "start": {}, "end": {} }
				],
				"line": 34
			},
			"3": {
				"loc": { "start": { "line": 41, "column": 1 }, "end": { "line": 43, "column": null } },
				"type": "if",
				"locations": [
					{ "start": { "line": 41, "column": 1 }, "end": { "line": 43, "column": null } },
					{ "start": {}, "end": {} }
				],
				"line": 41
			},
			"4": {
				"loc": { "start": { "line": 67, "column": 1 }, "end": { "line": 67, "column": null } },
				"type": "if",
				"locations": [
					{ "start": { "line": 67, "column": 1 }, "end": { "line": 67, "column": null } },
					{ "start": {}, "end": {} }
				],
				"line": 67
			},
			"5": {
				"loc": { "start": { "line": 72, "column": 1 }, "end": { "line": 89, "column": null } },
				"type": "switch",
				"locations": [
					{ "start": { "line": 73, "column": 2 }, "end": { "line": 75, "column": null } },
					{ "start": { "line": 76, "column": 2 }, "end": { "line": 82, "column": null } },
					{ "start": { "line": 83, "column": 2 }, "end": { "line": 88, "column": null } }
				],
				"line": 72
			},
			"6": {
				"loc": { "start": { "line": 80, "column": 3 }, "end": { "line": 80, "column": null } },
				"type": "if",
				"locations": [
					{ "start": { "line": 80, "column": 3 }, "end": { "line": 80, "column": null } },
					{ "start": {}, "end": {} }
				],
				"line": 80
			},
			"7": {
				"loc": { "start": { "line": 95, "column": 1 }, "end": { "line": 95, "column": null } },
				"type": "if",
				"locations": [
					{ "start": { "line": 95, "column": 1 }, "end": { "line": 95, "column": null } },
					{ "start": {}, "end": {} }
				],
				"line": 95
			},
			"8": {
				"loc": { "start": { "line": 95, "column": 5 }, "end": { "line": 95, "column": 35 } },
				"type": "binary-expr",
				"locations": [
					{ "start": { "line": 95, "column": 5 }, "end": { "line": 95, "column": 15 } },
					{ "start": { "line": 95, "column": 15 }, "end": { "line": 95, "column": 35 } }
				],
				"line": 95
			},
			"9": {
				"loc": { "start": { "line": 105, "column": 1 }, "end": { "line": 105, "column": null } },
				"type": "if",
				"locations": [
					{ "start": { "line": 105, "column": 1 }, "end": { "line": 105, "column": null } },
					{ "start": {}, "end": {} }
				],
				"line": 105
			},
			"10": {
				"loc": { "start": { "line": 108, "column": 1 }, "end": { "line": 108, "column": null } },
				"type": "if",
				"locations": [
					{ "start": { "line": 108, "column": 1 }, "end": { "line": 108, "column": null } },
					{ "start": {}, "end": {} }
				],
				"line": 108
			},
			"11": {
				"loc": { "start": { "line": 113, "column": 2 }, "end": { "line": 120, "column": null } },
				"type": "if",
				"locations": [
					{ "start": { "line": 113, "column": 2 }, "end": { "line": 120, "column": null } },
					{ "start": {}, "end": {} }
				],
				"line": 113
			},
			"12": {
				"loc": { "start": { "line": 115, "column": 3 }, "end": { "line": 115, "column": null } },
				"type": "if",
				"locations": [
					{ "start": { "line": 115, "column": 3 }, "end": { "line": 115, "column": null } },
					{ "start": {}, "end": {} }
				],
				"line": 115
			},
			"13": {
				"loc": { "start": { "line": 126, "column": 1 }, "end": { "line": 126, "column": null } },
				"type": "if",
				"locations": [
					{ "start": { "line": 126, "column": 1 }, "end": { "line": 126, "column": null } },
					{ "start": {}, "end": {} }
				],
				"line": 126
			},
			"14": {
				"loc": { "start": { "line": 127, "column": 1 }, "end": { "line": 127, "column": null } },
				"type": "if",
				"locations": [
					{ "start": { "line": 127, "column": 1 }, "end": { "line": 127, "column": null } },
					{ "start": {}, "end": {} }
				],
				"line": 127
			}
		},
		"s": {
			"0": 4,
			"1": 71,
			"2": 71,
			"3": 71,
			"4": 3,
			"5": 68,
			"6": 6,
			"7": 62,
			"8": 62,
			"9": 62,
			"10": 62,
			"11": 4,
			"12": 58,
			"13": 58,
			"14": 3,
			"15": 55,
			"16": 55,
			"17": 55,
			"18": 5,
			"19": 50,
			"20": 50,
			"21": 50,
			"22": 44,
			"23": 4,
			"24": 4,
			"25": 4,
			"26": 0,
			"27": 4,
			"28": 2,
			"29": 6,
			"30": 6,
			"31": 2,
			"32": 4,
			"33": 4,
			"34": 4,
			"35": 4,
			"36": 4,
			"37": 0,
			"38": 4,
			"39": 4,
			"40": 1,
			"41": 3,
			"42": 3,
			"43": 4,
			"44": 4,
			"45": 4,
			"46": 3,
			"47": 3,
			"48": 0,
			"49": 3,
			"50": 3,
			"51": 0,
			"52": 4,
			"53": 0,
			"54": 4,
			"55": 0,
			"56": 4
		},
		"f": { "0": 71, "1": 55, "2": 6, "3": 4, "4": 4 },
		"b": {
			"0": [3, 68],
			"1": [6, 62],
			"2": [4, 58],
			"3": [3, 55],
			"4": [5, 50],
			"5": [44, 4, 2],
			"6": [0, 4],
			"7": [2, 4],
			"8": [6, 5],
			"9": [0, 4],
			"10": [1, 3],
			"11": [3, 1],
			"12": [0, 3],
			"13": [0, 4],
			"14": [0, 4]
		},
		"meta": {
			"lastBranch": 15,
			"lastFunction": 5,
			"lastStatement": 57,
			"seen": {
				"s:5:14:5:Infinity": 0,
				"f:19:16:19:33": 0,
				"s:20:82:20:Infinity": 1,
				"s:22:19:22:Infinity": 2,
				"b:23:1:23:Infinity:undefined:undefined:undefined:undefined": 0,
				"s:23:1:23:Infinity": 3,
				"s:23:21:23:Infinity": 4,
				"b:25:1:27:Infinity:undefined:undefined:undefined:undefined": 1,
				"s:25:1:27:Infinity": 5,
				"s:26:2:26:Infinity": 6,
				"s:29:19:29:Infinity": 7,
				"s:30:17:30:Infinity": 8,
				"s:31:23:31:Infinity": 9,
				"b:34:1:36:Infinity:undefined:undefined:undefined:undefined": 2,
				"s:34:1:36:Infinity": 10,
				"s:35:2:35:Infinity": 11,
				"s:38:19:38:Infinity": 12,
				"b:41:1:43:Infinity:undefined:undefined:undefined:undefined": 3,
				"s:41:1:43:Infinity": 13,
				"s:42:2:42:Infinity": 14,
				"s:45:18:51:Infinity": 15,
				"s:52:1:52:Infinity": 16,
				"f:59:9:59:Infinity": 1,
				"b:67:1:67:Infinity:undefined:undefined:undefined:undefined": 4,
				"s:67:1:67:Infinity": 17,
				"s:67:33:67:Infinity": 18,
				"s:69:11:69:Infinity": 19,
				"s:70:11:70:Infinity": 20,
				"b:73:2:75:Infinity:76:2:82:Infinity:83:2:88:Infinity": 5,
				"s:72:1:89:Infinity": 21,
				"s:75:3:75:Infinity": 22,
				"s:78:27:78:Infinity": 23,
				"s:79:23:79:Infinity": 24,
				"b:80:3:80:Infinity:undefined:undefined:undefined:undefined": 6,
				"s:80:3:80:Infinity": 25,
				"s:80:27:80:Infinity": 26,
				"s:81:3:81:Infinity": 27,
				"s:87:3:87:Infinity": 28,
				"f:93:9:93:24": 2,
				"s:94:15:94:Infinity": 29,
				"b:95:1:95:Infinity:undefined:undefined:undefined:undefined": 7,
				"s:95:1:95:Infinity": 30,
				"b:95:5:95:15:95:15:95:35": 8,
				"s:95:35:95:Infinity": 31,
				"s:97:18:97:Infinity": 32,
				"s:98:16:98:Infinity": 33,
				"s:99:1:99:Infinity": 34,
				"f:103:9:103:29": 3,
				"s:104:15:104:Infinity": 35,
				"b:105:1:105:Infinity:undefined:undefined:undefined:undefined": 9,
				"s:105:1:105:Infinity": 36,
				"s:105:36:105:Infinity": 37,
				"s:107:14:107:Infinity": 38,
				"b:108:1:108:Infinity:undefined:undefined:undefined:undefined": 10,
				"s:108:1:108:Infinity": 39,
				"s:108:35:108:Infinity": 40,
				"s:110:1:121:Infinity": 41,
				"s:110:14:110:17": 42,
				"s:111:15:111:Infinity": 43,
				"s:112:15:112:Infinity": 44,
				"b:113:2:120:Infinity:undefined:undefined:undefined:undefined": 11,
				"s:113:2:120:Infinity": 45,
				"s:114:16:114:Infinity": 46,
				"b:115:3:115:Infinity:undefined:undefined:undefined:undefined": 12,
				"s:115:3:115:Infinity": 47,
				"s:115:18:115:Infinity": 48,
				"s:116:9:116:Infinity": 49,
				"s:117:3:119:Infinity": 50,
				"s:122:1:122:Infinity": 51,
				"f:125:9:125:17": 4,
				"b:126:1:126:Infinity:undefined:undefined:undefined:undefined": 13,
				"s:126:1:126:Infinity": 52,
				"s:126:12:126:Infinity": 53,
				"b:127:1:127:Infinity:undefined:undefined:undefined:undefined": 14,
				"s:127:1:127:Infinity": 54,
				"s:127:12:127:Infinity": 55,
				"s:128:1:128:Infinity": 56
			},
			"fnNames": {}
		}
	}
}
